[ 2017-04-28T10:12:24+08:00 ] ::1 /jdzx/
INFO: [ app_init ] --START--
INFO: Run Behavior\BuildLiteBehavior [ RunTime:0.000011s ]
INFO: [ app_init ] --END-- [ RunTime:0.010773s ]
INFO: [ app_begin ] --START--
INFO: Run Behavior\ReadHtmlCacheBehavior [ RunTime:0.000714s ]
INFO: [ app_begin ] --END-- [ RunTime:0.000754s ]
NOTIC: [8192] mysql_connect(): The mysql extension is deprecated and will be removed in the future: use mysqli or PDO instead D:\Bitnami\redmine-3.3.3-0\apache2\htdocs\jdzx\ThinkPHP\Library\Think\Db\Driver\Mysql.class.php 第 52 行.
SQL: SHOW COLUMNS FROM `jd_adv` [ RunTime:0.058888s ]
SQL: SELECT * FROM `jd_adv`  [ RunTime:0.013378s ]
SQL: SHOW COLUMNS FROM `jd_news` [ RunTime:0.026128s ]
SQL: SELECT * FROM `jd_news` ORDER BY id desc LIMIT 5   [ RunTime:0.018340s ]
INFO: [ view_parse ] --START--
INFO: [ template_filter ] --START--
INFO: Run Behavior\ContentReplaceBehavior [ RunTime:0.000080s ]
INFO: [ template_filter ] --END-- [ RunTime:0.000130s ]
INFO: Run Behavior\ParseTemplateBehavior [ RunTime:0.013738s ]
INFO: [ view_parse ] --END-- [ RunTime:0.013790s ]
INFO: [ view_filter ] --START--
INFO: Run Behavior\WriteHtmlCacheBehavior [ RunTime:0.000782s ]
INFO: [ view_filter ] --END-- [ RunTime:0.000821s ]
INFO: [ app_end ] --START--
INFO: Run Behavior\ShowPageTraceBehavior [ RunTime:0.000889s ]
INFO: [ app_end ] --END-- [ RunTime:0.000932s ]

[ 2017-04-28T10:12:27+08:00 ] ::1 /jdzx/index.php/Index/About/about/nav/2
INFO: [ app_init ] --START--
INFO: Run Behavior\BuildLiteBehavior [ RunTime:0.000012s ]
INFO: [ app_init ] --END-- [ RunTime:0.000431s ]
INFO: [ app_begin ] --START--
INFO: Run Behavior\ReadHtmlCacheBehavior [ RunTime:0.001067s ]
INFO: [ app_begin ] --END-- [ RunTime:0.001136s ]
INFO: [ view_parse ] --START--
INFO: [ template_filter ] --START--
INFO: Run Behavior\ContentReplaceBehavior [ RunTime:0.000054s ]
INFO: [ template_filter ] --END-- [ RunTime:0.000093s ]
INFO: Run Behavior\ParseTemplateBehavior [ RunTime:0.006525s ]
INFO: [ view_parse ] --END-- [ RunTime:0.006565s ]
INFO: [ view_filter ] --START--
INFO: Run Behavior\WriteHtmlCacheBehavior [ RunTime:0.000284s ]
INFO: [ view_filter ] --END-- [ RunTime:0.000311s ]
INFO: [ app_end ] --START--
INFO: Run Behavior\ShowPageTraceBehavior [ RunTime:0.000435s ]
INFO: [ app_end ] --END-- [ RunTime:0.000469s ]

[ 2017-04-28T10:12:29+08:00 ] ::1 /jdzx/index.php/Index/Immigrant/immigrant/nav/3
INFO: [ app_init ] --START--
INFO: Run Behavior\BuildLiteBehavior [ RunTime:0.000010s ]
INFO: [ app_init ] --END-- [ RunTime:0.000370s ]
INFO: [ app_begin ] --START--
INFO: Run Behavior\ReadHtmlCacheBehavior [ RunTime:0.000588s ]
INFO: [ app_begin ] --END-- [ RunTime:0.000657s ]
NOTIC: [8192] mysql_connect(): The mysql extension is deprecated and will be removed in the future: use mysqli or PDO instead D:\Bitnami\redmine-3.3.3-0\apache2\htdocs\jdzx\ThinkPHP\Library\Think\Db\Driver\Mysql.class.php 第 52 行.
SQL: SHOW COLUMNS FROM `jd_fenlei` [ RunTime:0.020757s ]
SQL: SELECT * FROM `jd_fenlei` WHERE ( pid=2 ) ORDER BY id desc LIMIT 0,3   [ RunTime:0.009438s ]
INFO: [ view_parse ] --START--
INFO: [ template_filter ] --START--
INFO: Run Behavior\ContentReplaceBehavior [ RunTime:0.000058s ]
INFO: [ template_filter ] --END-- [ RunTime:0.000104s ]
INFO: Run Behavior\ParseTemplateBehavior [ RunTime:0.007372s ]
INFO: [ view_parse ] --END-- [ RunTime:0.007423s ]
INFO: [ view_filter ] --START--
INFO: Run Behavior\WriteHtmlCacheBehavior [ RunTime:0.000319s ]
INFO: [ view_filter ] --END-- [ RunTime:0.000351s ]
INFO: [ app_end ] --START--
INFO: Run Behavior\ShowPageTraceBehavior [ RunTime:0.000412s ]
INFO: [ app_end ] --END-- [ RunTime:0.000447s ]

[ 2017-04-28T10:12:34+08:00 ] ::1 /jdzx/index.php/Index/Visa/visa/nav/4
INFO: [ app_init ] --START--
INFO: Run Behavior\BuildLiteBehavior [ RunTime:0.000016s ]
INFO: [ app_init ] --END-- [ RunTime:0.000384s ]
INFO: [ app_begin ] --START--
INFO: Run Behavior\ReadHtmlCacheBehavior [ RunTime:0.000520s ]
INFO: [ app_begin ] --END-- [ RunTime:0.000560s ]
NOTIC: [8192] mysql_connect(): The mysql extension is deprecated and will be removed in the future: use mysqli or PDO instead D:\Bitnami\redmine-3.3.3-0\apache2\htdocs\jdzx\ThinkPHP\Library\Think\Db\Driver\Mysql.class.php 第 52 行.
SQL: SHOW COLUMNS FROM `jd_fenlei` [ RunTime:0.012815s ]
SQL: SELECT * FROM `jd_fenlei` WHERE ( pid=1 ) ORDER BY id desc LIMIT 0,3   [ RunTime:0.000942s ]
INFO: [ view_parse ] --START--
INFO: [ template_filter ] --START--
INFO: Run Behavior\ContentReplaceBehavior [ RunTime:0.000191s ]
INFO: [ template_filter ] --END-- [ RunTime:0.000313s ]
NOTIC: [8] Undefined index: cateid D:\Bitnami\redmine-3.3.3-0\apache2\htdocs\jdzx\App\Runtime\Cache\Index\2dee398c23117c59bd780384ceb9213f.php 第 147 行.
INFO: Run Behavior\ParseTemplateBehavior [ RunTime:0.027036s ]
INFO: [ view_parse ] --END-- [ RunTime:0.027173s ]
INFO: [ view_filter ] --START--
INFO: Run Behavior\WriteHtmlCacheBehavior [ RunTime:0.001387s ]
INFO: [ view_filter ] --END-- [ RunTime:0.001509s ]
INFO: [ app_end ] --START--
INFO: Run Behavior\ShowPageTraceBehavior [ RunTime:0.001956s ]
INFO: [ app_end ] --END-- [ RunTime:0.002119s ]

[ 2017-04-28T10:12:37+08:00 ] ::1 /jdzx/index.php/Index/Case/cases/nav/5
INFO: [ app_init ] --START--
INFO: Run Behavior\BuildLiteBehavior [ RunTime:0.000068s ]
INFO: [ app_init ] --END-- [ RunTime:0.000890s ]
INFO: [ app_begin ] --START--
INFO: Run Behavior\ReadHtmlCacheBehavior [ RunTime:0.000718s ]
INFO: [ app_begin ] --END-- [ RunTime:0.000792s ]
NOTIC: [8192] mysql_connect(): The mysql extension is deprecated and will be removed in the future: use mysqli or PDO instead D:\Bitnami\redmine-3.3.3-0\apache2\htdocs\jdzx\ThinkPHP\Library\Think\Db\Driver\Mysql.class.php 第 52 行.
SQL: SHOW COLUMNS FROM `jd_news` [ RunTime:0.012770s ]
SQL: SHOW COLUMNS FROM `jd_cate` [ RunTime:0.031829s ]
SQL: SELECT * FROM `jd_cate` WHERE ( cate_name='案例'and pid=0 ) LIMIT 1   [ RunTime:0.001761s ]
SQL: SELECT * FROM `jd_cate` WHERE ( pid=5 ) ORDER BY sort asc  [ RunTime:0.007575s ]
SQL: SELECT * FROM `jd_news` WHERE ( cate_id=17 ) ORDER BY id desc LIMIT 0,8   [ RunTime:0.000915s ]
INFO: [ view_parse ] --START--
INFO: [ template_filter ] --START--
INFO: Run Behavior\ContentReplaceBehavior [ RunTime:0.000224s ]
INFO: [ template_filter ] --END-- [ RunTime:0.000355s ]
NOTIC: [8] Undefined index: cateid D:\Bitnami\redmine-3.3.3-0\apache2\htdocs\jdzx\App\Runtime\Cache\Index\6d6b2717e5a4c44b5b1dd173c832a5d0.php 第 134 行.
NOTIC: [8] Undefined index: cateid D:\Bitnami\redmine-3.3.3-0\apache2\htdocs\jdzx\App\Runtime\Cache\Index\6d6b2717e5a4c44b5b1dd173c832a5d0.php 第 157 行.
INFO: Run Behavior\ParseTemplateBehavior [ RunTime:0.030967s ]
INFO: [ view_parse ] --END-- [ RunTime:0.031099s ]
INFO: [ view_filter ] --START--
INFO: Run Behavior\WriteHtmlCacheBehavior [ RunTime:0.001369s ]
INFO: [ view_filter ] --END-- [ RunTime:0.001488s ]
INFO: [ app_end ] --START--
INFO: Run Behavior\ShowPageTraceBehavior [ RunTime:0.002015s ]
INFO: [ app_end ] --END-- [ RunTime:0.002146s ]

[ 2017-04-28T10:12:38+08:00 ] ::1 /jdzx/index.php/Index/Contact/contact/nav/6
INFO: [ app_init ] --START--
INFO: Run Behavior\BuildLiteBehavior [ RunTime:0.000041s ]
INFO: [ app_init ] --END-- [ RunTime:0.000466s ]
INFO: [ app_begin ] --START--
INFO: Run Behavior\ReadHtmlCacheBehavior [ RunTime:0.000494s ]
INFO: [ app_begin ] --END-- [ RunTime:0.000562s ]
INFO: [ view_parse ] --START--
INFO: [ template_filter ] --START--
INFO: Run Behavior\ContentReplaceBehavior [ RunTime:0.000049s ]
INFO: [ template_filter ] --END-- [ RunTime:0.000089s ]
INFO: Run Behavior\ParseTemplateBehavior [ RunTime:0.007173s ]
INFO: [ view_parse ] --END-- [ RunTime:0.007284s ]
INFO: [ view_filter ] --START--
INFO: Run Behavior\WriteHtmlCacheBehavior [ RunTime:0.000397s ]
INFO: [ view_filter ] --END-- [ RunTime:0.000435s ]
INFO: [ app_end ] --START--
INFO: Run Behavior\ShowPageTraceBehavior [ RunTime:0.000560s ]
INFO: [ app_end ] --END-- [ RunTime:0.000595s ]

[ 2017-04-28T10:43:14+08:00 ] ::1 /jdzx/index.php/Index/visa/visadetail/proid/1
INFO: [ app_init ] --START--
INFO: Run Behavior\BuildLiteBehavior [ RunTime:0.000017s ]
INFO: [ app_init ] --END-- [ RunTime:0.000335s ]
INFO: [ app_begin ] --START--
INFO: Run Behavior\ReadHtmlCacheBehavior [ RunTime:0.000500s ]
INFO: [ app_begin ] --END-- [ RunTime:0.000544s ]
NOTIC: [8192] mysql_connect(): The mysql extension is deprecated and will be removed in the future: use mysqli or PDO instead D:\Bitnami\redmine-3.3.3-0\apache2\htdocs\jdzx\ThinkPHP\Library\Think\Db\Driver\Mysql.class.php 第 52 行.
SQL: SHOW COLUMNS FROM `jd_product` [ RunTime:0.006971s ]
SQL: SELECT a.* FROM jd_product a INNER JOIN jd_fenlei b on a.fenlei_id=b.id  WHERE ( b.id=1 ) ORDER BY a.sort asc  [ RunTime:0.030104s ]
INFO: [ view_parse ] --START--
INFO: [ template_filter ] --START--
INFO: Run Behavior\ContentReplaceBehavior [ RunTime:0.000065s ]
INFO: [ template_filter ] --END-- [ RunTime:0.000111s ]
NOTIC: [8] Undefined index: nav D:\Bitnami\redmine-3.3.3-0\apache2\htdocs\jdzx\App\Runtime\Cache\Index\621c11f2c1755913ca3dd872f69c909e.php 第 66 行.
NOTIC: [8] Undefined index: nav D:\Bitnami\redmine-3.3.3-0\apache2\htdocs\jdzx\App\Runtime\Cache\Index\621c11f2c1755913ca3dd872f69c909e.php 第 117 行.
INFO: Run Behavior\ParseTemplateBehavior [ RunTime:0.009196s ]
INFO: [ view_parse ] --END-- [ RunTime:0.009239s ]
INFO: [ view_filter ] --START--
INFO: Run Behavior\WriteHtmlCacheBehavior [ RunTime:0.000482s ]
INFO: [ view_filter ] --END-- [ RunTime:0.000519s ]
INFO: [ app_end ] --START--
INFO: Run Behavior\ShowPageTraceBehavior [ RunTime:0.000665s ]
INFO: [ app_end ] --END-- [ RunTime:0.000707s ]

[ 2017-04-28T10:43:18+08:00 ] ::1 /jdzx/index.php/Index/Case/cases/nav/5
INFO: [ app_init ] --START--
INFO: Run Behavior\BuildLiteBehavior [ RunTime:0.000011s ]
INFO: [ app_init ] --END-- [ RunTime:0.000376s ]
INFO: [ app_begin ] --START--
INFO: Run Behavior\ReadHtmlCacheBehavior [ RunTime:0.000614s ]
INFO: [ app_begin ] --END-- [ RunTime:0.000670s ]
NOTIC: [8192] mysql_connect(): The mysql extension is deprecated and will be removed in the future: use mysqli or PDO instead D:\Bitnami\redmine-3.3.3-0\apache2\htdocs\jdzx\ThinkPHP\Library\Think\Db\Driver\Mysql.class.php 第 52 行.
SQL: SHOW COLUMNS FROM `jd_news` [ RunTime:0.007781s ]
SQL: SHOW COLUMNS FROM `jd_cate` [ RunTime:0.006918s ]
SQL: SELECT * FROM `jd_cate` WHERE ( cate_name='案例'and pid=0 ) LIMIT 1   [ RunTime:0.000489s ]
SQL: SELECT * FROM `jd_cate` WHERE ( pid=5 ) ORDER BY sort asc  [ RunTime:0.000509s ]
SQL: SELECT * FROM `jd_news` WHERE ( cate_id=17 ) ORDER BY id desc LIMIT 0,8   [ RunTime:0.000536s ]
INFO: [ view_parse ] --START--
INFO: [ template_filter ] --START--
INFO: Run Behavior\ContentReplaceBehavior [ RunTime:0.000115s ]
INFO: [ template_filter ] --END-- [ RunTime:0.000194s ]
NOTIC: [8] Undefined index: cateid D:\Bitnami\redmine-3.3.3-0\apache2\htdocs\jdzx\App\Runtime\Cache\Index\6d6b2717e5a4c44b5b1dd173c832a5d0.php 第 134 行.
NOTIC: [8] Undefined index: cateid D:\Bitnami\redmine-3.3.3-0\apache2\htdocs\jdzx\App\Runtime\Cache\Index\6d6b2717e5a4c44b5b1dd173c832a5d0.php 第 157 行.
INFO: Run Behavior\ParseTemplateBehavior [ RunTime:0.016647s ]
INFO: [ view_parse ] --END-- [ RunTime:0.016725s ]
INFO: [ view_filter ] --START--
INFO: Run Behavior\WriteHtmlCacheBehavior [ RunTime:0.000813s ]
INFO: [ view_filter ] --END-- [ RunTime:0.000874s ]
INFO: [ app_end ] --START--
INFO: Run Behavior\ShowPageTraceBehavior [ RunTime:0.001132s ]
INFO: [ app_end ] --END-- [ RunTime:0.001201s ]

[ 2017-04-28T10:51:36+08:00 ] ::1 /jdzx/index.php/Index/Case/cases/nav/5
INFO: [ app_init ] --START--
INFO: Run Behavior\BuildLiteBehavior [ RunTime:0.000016s ]
INFO: [ app_init ] --END-- [ RunTime:0.000625s ]
INFO: [ app_begin ] --START--
INFO: Run Behavior\ReadHtmlCacheBehavior [ RunTime:0.001771s ]
INFO: [ app_begin ] --END-- [ RunTime:0.001848s ]
NOTIC: [8192] mysql_connect(): The mysql extension is deprecated and will be removed in the future: use mysqli or PDO instead D:\Bitnami\redmine-3.3.3-0\apache2\htdocs\jdzx\ThinkPHP\Library\Think\Db\Driver\Mysql.class.php 第 52 行.
SQL: SHOW COLUMNS FROM `jd_news` [ RunTime:0.013252s ]
SQL: SHOW COLUMNS FROM `jd_cate` [ RunTime:0.013145s ]
SQL: SELECT * FROM `jd_cate` WHERE ( cate_name='案例'and pid=0 ) LIMIT 1   [ RunTime:0.000887s ]
SQL: SELECT * FROM `jd_cate` WHERE ( pid=5 ) ORDER BY sort asc  [ RunTime:0.000909s ]
SQL: SELECT * FROM `jd_news` WHERE ( cate_id=17 ) ORDER BY id desc LIMIT 0,8   [ RunTime:0.001028s ]
INFO: [ view_parse ] --START--
INFO: [ template_filter ] --START--
INFO: Run Behavior\ContentReplaceBehavior [ RunTime:0.000103s ]
INFO: [ template_filter ] --END-- [ RunTime:0.000165s ]
NOTIC: [8] Undefined index: cateid D:\Bitnami\redmine-3.3.3-0\apache2\htdocs\jdzx\App\Runtime\Cache\Index\6d6b2717e5a4c44b5b1dd173c832a5d0.php 第 134 行.
NOTIC: [8] Undefined index: cateid D:\Bitnami\redmine-3.3.3-0\apache2\htdocs\jdzx\App\Runtime\Cache\Index\6d6b2717e5a4c44b5b1dd173c832a5d0.php 第 157 行.
INFO: Run Behavior\ParseTemplateBehavior [ RunTime:0.020270s ]
INFO: [ view_parse ] --END-- [ RunTime:0.020362s ]
INFO: [ view_filter ] --START--
INFO: Run Behavior\WriteHtmlCacheBehavior [ RunTime:0.000661s ]
INFO: [ view_filter ] --END-- [ RunTime:0.000713s ]
INFO: [ app_end ] --START--
INFO: Run Behavior\ShowPageTraceBehavior [ RunTime:0.000982s ]
INFO: [ app_end ] --END-- [ RunTime:0.001043s ]

[ 2017-04-28T11:15:49+08:00 ] ::1 /jdzx/index.php/Index/Case/cases/nav/5
INFO: [ app_init ] --START--
INFO: Run Behavior\BuildLiteBehavior [ RunTime:0.000020s ]
INFO: [ app_init ] --END-- [ RunTime:0.001028s ]
INFO: [ app_begin ] --START--
INFO: Run Behavior\ReadHtmlCacheBehavior [ RunTime:0.000543s ]
INFO: [ app_begin ] --END-- [ RunTime:0.000597s ]
NOTIC: [8192] mysql_connect(): The mysql extension is deprecated and will be removed in the future: use mysqli or PDO instead D:\Bitnami\redmine-3.3.3-0\apache2\htdocs\jdzx\ThinkPHP\Library\Think\Db\Driver\Mysql.class.php 第 52 行.
SQL: SHOW COLUMNS FROM `jd_news` [ RunTime:0.013867s ]
SQL: SHOW COLUMNS FROM `jd_cate` [ RunTime:0.009349s ]
SQL: SELECT * FROM `jd_cate` WHERE ( cate_name='案例'and pid=0 ) LIMIT 1   [ RunTime:0.000526s ]
SQL: SELECT * FROM `jd_cate` WHERE ( pid=5 ) ORDER BY sort asc  [ RunTime:0.000490s ]
SQL: SELECT * FROM `jd_news` WHERE ( cate_id=17 ) ORDER BY id desc LIMIT 0,8   [ RunTime:0.000536s ]
INFO: [ view_parse ] --START--
INFO: [ template_filter ] --START--
INFO: Run Behavior\ContentReplaceBehavior [ RunTime:0.000114s ]
INFO: [ template_filter ] --END-- [ RunTime:0.000180s ]
NOTIC: [8] Undefined index: cateid D:\Bitnami\redmine-3.3.3-0\apache2\htdocs\jdzx\App\Runtime\Cache\Index\6d6b2717e5a4c44b5b1dd173c832a5d0.php 第 134 行.
NOTIC: [8] Undefined index: cateid D:\Bitnami\redmine-3.3.3-0\apache2\htdocs\jdzx\App\Runtime\Cache\Index\6d6b2717e5a4c44b5b1dd173c832a5d0.php 第 157 行.
INFO: Run Behavior\ParseTemplateBehavior [ RunTime:0.016162s ]
INFO: [ view_parse ] --END-- [ RunTime:0.016232s ]
INFO: [ view_filter ] --START--
INFO: Run Behavior\WriteHtmlCacheBehavior [ RunTime:0.000782s ]
INFO: [ view_filter ] --END-- [ RunTime:0.000843s ]
INFO: [ app_end ] --START--
INFO: Run Behavior\ShowPageTraceBehavior [ RunTime:0.001074s ]
INFO: [ app_end ] --END-- [ RunTime:0.001142s ]

[ 2017-04-28T11:51:54+08:00 ] ::1 /jdzx/index.php/Index/Case/cases/nav/5
INFO: [ app_init ] --START--
INFO: Run Behavior\BuildLiteBehavior [ RunTime:0.000010s ]
INFO: [ app_init ] --END-- [ RunTime:0.000465s ]
INFO: [ app_begin ] --START--
INFO: Run Behavior\ReadHtmlCacheBehavior [ RunTime:0.000460s ]
INFO: [ app_begin ] --END-- [ RunTime:0.000523s ]
NOTIC: [8192] mysql_connect(): The mysql extension is deprecated and will be removed in the future: use mysqli or PDO instead D:\Bitnami\redmine-3.3.3-0\apache2\htdocs\jdzx\ThinkPHP\Library\Think\Db\Driver\Mysql.class.php 第 52 行.
SQL: SHOW COLUMNS FROM `jd_news` [ RunTime:0.005701s ]
SQL: SHOW COLUMNS FROM `jd_cate` [ RunTime:0.005230s ]
SQL: SELECT * FROM `jd_cate` WHERE ( cate_name='案例'and pid=0 ) LIMIT 1   [ RunTime:0.000498s ]
SQL: SELECT * FROM `jd_cate` WHERE ( pid=5 ) ORDER BY sort asc  [ RunTime:0.000446s ]
SQL: SELECT * FROM `jd_news` WHERE ( cate_id=17 ) ORDER BY id desc LIMIT 0,8   [ RunTime:0.000396s ]
INFO: [ view_parse ] --START--
INFO: [ template_filter ] --START--
INFO: Run Behavior\ContentReplaceBehavior [ RunTime:0.000078s ]
INFO: [ template_filter ] --END-- [ RunTime:0.000127s ]
NOTIC: [8] Undefined index: cateid D:\Bitnami\redmine-3.3.3-0\apache2\htdocs\jdzx\App\Runtime\Cache\Index\6d6b2717e5a4c44b5b1dd173c832a5d0.php 第 134 行.
NOTIC: [8] Undefined index: cateid D:\Bitnami\redmine-3.3.3-0\apache2\htdocs\jdzx\App\Runtime\Cache\Index\6d6b2717e5a4c44b5b1dd173c832a5d0.php 第 157 行.
INFO: Run Behavior\ParseTemplateBehavior [ RunTime:0.014058s ]
INFO: [ view_parse ] --END-- [ RunTime:0.014104s ]
INFO: [ view_filter ] --START--
INFO: Run Behavior\WriteHtmlCacheBehavior [ RunTime:0.000431s ]
INFO: [ view_filter ] --END-- [ RunTime:0.000459s ]
INFO: [ app_end ] --START--
INFO: Run Behavior\ShowPageTraceBehavior [ RunTime:0.000494s ]
INFO: [ app_end ] --END-- [ RunTime:0.000544s ]

[ 2017-04-28T11:52:00+08:00 ] ::1 /jdzx/index.php/Index/case/ajaxNewsInfo
INFO: [ app_init ] --START--
INFO: Run Behavior\BuildLiteBehavior [ RunTime:0.000010s ]
INFO: [ app_init ] --END-- [ RunTime:0.000358s ]
INFO: [ app_begin ] --START--
INFO: Run Behavior\ReadHtmlCacheBehavior [ RunTime:0.000429s ]
INFO: [ app_begin ] --END-- [ RunTime:0.000464s ]
NOTIC: [8192] mysql_connect(): The mysql extension is deprecated and will be removed in the future: use mysqli or PDO instead D:\Bitnami\redmine-3.3.3-0\apache2\htdocs\jdzx\ThinkPHP\Library\Think\Db\Driver\Mysql.class.php 第 52 行.
SQL: SHOW COLUMNS FROM `jd_news` [ RunTime:0.013241s ]
SQL: SHOW COLUMNS FROM `jd_cate` [ RunTime:0.010157s ]
SQL: SELECT * FROM `jd_cate` WHERE ( cate_name='案例'and pid=0 ) LIMIT 1   [ RunTime:0.000515s ]
SQL: SELECT * FROM `jd_cate` WHERE ( pid=5 ) ORDER BY sort asc  [ RunTime:0.000483s ]
SQL: SELECT * FROM `jd_news` WHERE ( cate_id=17 ) ORDER BY id desc LIMIT 8,8   [ RunTime:0.000520s ]

[ 2017-04-28T11:52:04+08:00 ] ::1 /jdzx/index.php/Index/case/ajaxNewsInfo
INFO: [ app_init ] --START--
INFO: Run Behavior\BuildLiteBehavior [ RunTime:0.000022s ]
INFO: [ app_init ] --END-- [ RunTime:0.000435s ]
INFO: [ app_begin ] --START--
INFO: Run Behavior\ReadHtmlCacheBehavior [ RunTime:0.000533s ]
INFO: [ app_begin ] --END-- [ RunTime:0.000576s ]
NOTIC: [8192] mysql_connect(): The mysql extension is deprecated and will be removed in the future: use mysqli or PDO instead D:\Bitnami\redmine-3.3.3-0\apache2\htdocs\jdzx\ThinkPHP\Library\Think\Db\Driver\Mysql.class.php 第 52 行.
SQL: SHOW COLUMNS FROM `jd_news` [ RunTime:0.013273s ]
SQL: SHOW COLUMNS FROM `jd_cate` [ RunTime:0.008658s ]
SQL: SELECT * FROM `jd_cate` WHERE ( cate_name='案例'and pid=0 ) LIMIT 1   [ RunTime:0.000557s ]
SQL: SELECT * FROM `jd_cate` WHERE ( pid=5 ) ORDER BY sort asc  [ RunTime:0.000562s ]
SQL: SELECT * FROM `jd_news` WHERE ( cate_id=17 ) ORDER BY id desc LIMIT 16,8   [ RunTime:0.000538s ]

[ 2017-04-28T11:52:07+08:00 ] ::1 /jdzx/index.php/Index/case/ajaxNewsInfo
INFO: [ app_init ] --START--
INFO: Run Behavior\BuildLiteBehavior [ RunTime:0.000009s ]
INFO: [ app_init ] --END-- [ RunTime:0.000384s ]
INFO: [ app_begin ] --START--
INFO: Run Behavior\ReadHtmlCacheBehavior [ RunTime:0.000441s ]
INFO: [ app_begin ] --END-- [ RunTime:0.000476s ]
NOTIC: [8192] mysql_connect(): The mysql extension is deprecated and will be removed in the future: use mysqli or PDO instead D:\Bitnami\redmine-3.3.3-0\apache2\htdocs\jdzx\ThinkPHP\Library\Think\Db\Driver\Mysql.class.php 第 52 行.
SQL: SHOW COLUMNS FROM `jd_news` [ RunTime:0.003868s ]
SQL: SHOW COLUMNS FROM `jd_cate` [ RunTime:0.005767s ]
SQL: SELECT * FROM `jd_cate` WHERE ( cate_name='案例'and pid=0 ) LIMIT 1   [ RunTime:0.000429s ]
SQL: SELECT * FROM `jd_cate` WHERE ( pid=5 ) ORDER BY sort asc  [ RunTime:0.000324s ]
SQL: SELECT * FROM `jd_news` WHERE ( cate_id=17 ) ORDER BY id desc LIMIT 24,8   [ RunTime:0.000285s ]

[ 2017-04-28T11:59:24+08:00 ] ::1 /jdzx/index.php/Index/Case/cases/nav/5
INFO: [ app_init ] --START--
INFO: Run Behavior\BuildLiteBehavior [ RunTime:0.000022s ]
INFO: [ app_init ] --END-- [ RunTime:0.000689s ]
INFO: [ app_begin ] --START--
INFO: Run Behavior\ReadHtmlCacheBehavior [ RunTime:0.000794s ]
INFO: [ app_begin ] --END-- [ RunTime:0.000884s ]
NOTIC: [8192] mysql_connect(): The mysql extension is deprecated and will be removed in the future: use mysqli or PDO instead D:\Bitnami\redmine-3.3.3-0\apache2\htdocs\jdzx\ThinkPHP\Library\Think\Db\Driver\Mysql.class.php 第 52 行.
SQL: SHOW COLUMNS FROM `jd_news` [ RunTime:0.012952s ]
SQL: SHOW COLUMNS FROM `jd_cate` [ RunTime:0.008027s ]
SQL: SELECT * FROM `jd_cate` WHERE ( cate_name='案例'and pid=0 ) LIMIT 1   [ RunTime:0.000573s ]
SQL: SELECT * FROM `jd_cate` WHERE ( pid=5 ) ORDER BY sort asc  [ RunTime:0.000560s ]
SQL: SELECT * FROM `jd_news` WHERE ( cate_id=17 ) ORDER BY id desc LIMIT 0,8   [ RunTime:0.000626s ]
INFO: [ view_parse ] --START--
INFO: [ template_filter ] --START--
INFO: Run Behavior\ContentReplaceBehavior [ RunTime:0.000134s ]
INFO: [ template_filter ] --END-- [ RunTime:0.000219s ]
NOTIC: [8] Undefined index: cateid D:\Bitnami\redmine-3.3.3-0\apache2\htdocs\jdzx\App\Runtime\Cache\Index\6d6b2717e5a4c44b5b1dd173c832a5d0.php 第 134 行.
NOTIC: [8] Undefined index: cateid D:\Bitnami\redmine-3.3.3-0\apache2\htdocs\jdzx\App\Runtime\Cache\Index\6d6b2717e5a4c44b5b1dd173c832a5d0.php 第 157 行.
INFO: Run Behavior\ParseTemplateBehavior [ RunTime:0.018234s ]
INFO: [ view_parse ] --END-- [ RunTime:0.018304s ]
INFO: [ view_filter ] --START--
INFO: Run Behavior\WriteHtmlCacheBehavior [ RunTime:0.000567s ]
INFO: [ view_filter ] --END-- [ RunTime:0.000611s ]
INFO: [ app_end ] --START--
INFO: Run Behavior\ShowPageTraceBehavior [ RunTime:0.000772s ]
INFO: [ app_end ] --END-- [ RunTime:0.000819s ]

[ 2017-04-28T11:59:26+08:00 ] ::1 /jdzx/index.php/Index/case/casedetail/newsid/21
INFO: [ app_init ] --START--
INFO: Run Behavior\BuildLiteBehavior [ RunTime:0.000019s ]
INFO: [ app_init ] --END-- [ RunTime:0.000645s ]
INFO: [ app_begin ] --START--
INFO: Run Behavior\ReadHtmlCacheBehavior [ RunTime:0.000643s ]
INFO: [ app_begin ] --END-- [ RunTime:0.000693s ]
INFO: [ view_parse ] --START--
INFO: [ template_filter ] --START--
INFO: Run Behavior\ContentReplaceBehavior [ RunTime:0.000044s ]
INFO: [ template_filter ] --END-- [ RunTime:0.000081s ]
INFO: Run Behavior\ParseTemplateBehavior [ RunTime:0.006120s ]
INFO: [ view_parse ] --END-- [ RunTime:0.006163s ]
INFO: [ view_filter ] --START--
INFO: Run Behavior\WriteHtmlCacheBehavior [ RunTime:0.000395s ]
INFO: [ view_filter ] --END-- [ RunTime:0.000435s ]
INFO: [ app_end ] --START--
INFO: Run Behavior\ShowPageTraceBehavior [ RunTime:0.000572s ]
INFO: [ app_end ] --END-- [ RunTime:0.000611s ]

[ 2017-04-28T11:59:32+08:00 ] ::1 /jdzx/index.php/Index/case/casedetail/newsid/21
INFO: [ app_init ] --START--
INFO: Run Behavior\BuildLiteBehavior [ RunTime:0.000010s ]
INFO: [ app_init ] --END-- [ RunTime:0.000362s ]
INFO: [ app_begin ] --START--
INFO: Run Behavior\ReadHtmlCacheBehavior [ RunTime:0.000450s ]
INFO: [ app_begin ] --END-- [ RunTime:0.000489s ]
INFO: [ view_parse ] --START--
INFO: [ template_filter ] --START--
INFO: Run Behavior\ContentReplaceBehavior [ RunTime:0.000052s ]
INFO: [ template_filter ] --END-- [ RunTime:0.000103s ]
INFO: Run Behavior\ParseTemplateBehavior [ RunTime:0.006870s ]
INFO: [ view_parse ] --END-- [ RunTime:0.006915s ]
INFO: [ view_filter ] --START--
INFO: Run Behavior\WriteHtmlCacheBehavior [ RunTime:0.000420s ]
INFO: [ view_filter ] --END-- [ RunTime:0.000450s ]
INFO: [ app_end ] --START--
INFO: Run Behavior\ShowPageTraceBehavior [ RunTime:0.000560s ]
INFO: [ app_end ] --END-- [ RunTime:0.000590s ]

[ 2017-04-28T12:00:47+08:00 ] ::1 /jdzx/index.php/Index/Visa/visa/nav/4
INFO: [ app_init ] --START--
INFO: Run Behavior\BuildLiteBehavior [ RunTime:0.000009s ]
INFO: [ app_init ] --END-- [ RunTime:0.000320s ]
INFO: [ app_begin ] --START--
INFO: Run Behavior\ReadHtmlCacheBehavior [ RunTime:0.000900s ]
INFO: [ app_begin ] --END-- [ RunTime:0.000946s ]
NOTIC: [8192] mysql_connect(): The mysql extension is deprecated and will be removed in the future: use mysqli or PDO instead D:\Bitnami\redmine-3.3.3-0\apache2\htdocs\jdzx\ThinkPHP\Library\Think\Db\Driver\Mysql.class.php 第 52 行.
SQL: SHOW COLUMNS FROM `jd_fenlei` [ RunTime:0.014059s ]
SQL: SELECT * FROM `jd_fenlei` WHERE ( pid=1 ) ORDER BY id desc LIMIT 0,3   [ RunTime:0.000982s ]
INFO: [ view_parse ] --START--
INFO: [ template_filter ] --START--
INFO: Run Behavior\ContentReplaceBehavior [ RunTime:0.000120s ]
INFO: [ template_filter ] --END-- [ RunTime:0.000202s ]
NOTIC: [8] Undefined index: cateid D:\Bitnami\redmine-3.3.3-0\apache2\htdocs\jdzx\App\Runtime\Cache\Index\2dee398c23117c59bd780384ceb9213f.php 第 147 行.
INFO: Run Behavior\ParseTemplateBehavior [ RunTime:0.018300s ]
INFO: [ view_parse ] --END-- [ RunTime:0.018410s ]
INFO: [ view_filter ] --START--
INFO: Run Behavior\WriteHtmlCacheBehavior [ RunTime:0.001037s ]
INFO: [ view_filter ] --END-- [ RunTime:0.001158s ]
INFO: [ app_end ] --START--
INFO: Run Behavior\ShowPageTraceBehavior [ RunTime:0.001376s ]
INFO: [ app_end ] --END-- [ RunTime:0.001471s ]

[ 2017-04-28T12:00:52+08:00 ] ::1 /jdzx/index.php/Index/visa/visadetail/nav/4/proid/8
INFO: [ app_init ] --START--
INFO: Run Behavior\BuildLiteBehavior [ RunTime:0.000021s ]
INFO: [ app_init ] --END-- [ RunTime:0.000570s ]
INFO: [ app_begin ] --START--
INFO: Run Behavior\ReadHtmlCacheBehavior [ RunTime:0.000567s ]
INFO: [ app_begin ] --END-- [ RunTime:0.000620s ]
NOTIC: [8192] mysql_connect(): The mysql extension is deprecated and will be removed in the future: use mysqli or PDO instead D:\Bitnami\redmine-3.3.3-0\apache2\htdocs\jdzx\ThinkPHP\Library\Think\Db\Driver\Mysql.class.php 第 52 行.
SQL: SHOW COLUMNS FROM `jd_product` [ RunTime:0.008227s ]
SQL: SELECT a.* FROM jd_product a INNER JOIN jd_fenlei b on a.fenlei_id=b.id  WHERE ( b.id=8 ) ORDER BY a.sort asc  [ RunTime:0.000619s ]
INFO: [ view_parse ] --START--
INFO: [ template_filter ] --START--
INFO: Run Behavior\ContentReplaceBehavior [ RunTime:0.000122s ]
INFO: [ template_filter ] --END-- [ RunTime:0.000200s ]
INFO: Run Behavior\ParseTemplateBehavior [ RunTime:0.017653s ]
INFO: [ view_parse ] --END-- [ RunTime:0.017743s ]
INFO: [ view_filter ] --START--
INFO: Run Behavior\WriteHtmlCacheBehavior [ RunTime:0.000911s ]
INFO: [ view_filter ] --END-- [ RunTime:0.000983s ]
INFO: [ app_end ] --START--
INFO: Run Behavior\ShowPageTraceBehavior [ RunTime:0.001270s ]
INFO: [ app_end ] --END-- [ RunTime:0.001349s ]

[ 2017-04-28T12:00:57+08:00 ] ::1 /jdzx/index.php/Index/Case/cases/nav/5
INFO: [ app_init ] --START--
INFO: Run Behavior\BuildLiteBehavior [ RunTime:0.000011s ]
INFO: [ app_init ] --END-- [ RunTime:0.000424s ]
INFO: [ app_begin ] --START--
INFO: Run Behavior\ReadHtmlCacheBehavior [ RunTime:0.000476s ]
INFO: [ app_begin ] --END-- [ RunTime:0.000593s ]
NOTIC: [8192] mysql_connect(): The mysql extension is deprecated and will be removed in the future: use mysqli or PDO instead D:\Bitnami\redmine-3.3.3-0\apache2\htdocs\jdzx\ThinkPHP\Library\Think\Db\Driver\Mysql.class.php 第 52 行.
SQL: SHOW COLUMNS FROM `jd_news` [ RunTime:0.012984s ]
SQL: SHOW COLUMNS FROM `jd_cate` [ RunTime:0.010548s ]
SQL: SELECT * FROM `jd_cate` WHERE ( cate_name='案例'and pid=0 ) LIMIT 1   [ RunTime:0.000524s ]
SQL: SELECT * FROM `jd_cate` WHERE ( pid=5 ) ORDER BY sort asc  [ RunTime:0.004779s ]
SQL: SELECT * FROM `jd_news` WHERE ( cate_id=17 ) ORDER BY id desc LIMIT 0,8   [ RunTime:0.000538s ]
INFO: [ view_parse ] --START--
INFO: [ template_filter ] --START--
INFO: Run Behavior\ContentReplaceBehavior [ RunTime:0.000118s ]
INFO: [ template_filter ] --END-- [ RunTime:0.000191s ]
NOTIC: [8] Undefined index: cateid D:\Bitnami\redmine-3.3.3-0\apache2\htdocs\jdzx\App\Runtime\Cache\Index\6d6b2717e5a4c44b5b1dd173c832a5d0.php 第 134 行.
NOTIC: [8] Undefined index: cateid D:\Bitnami\redmine-3.3.3-0\apache2\htdocs\jdzx\App\Runtime\Cache\Index\6d6b2717e5a4c44b5b1dd173c832a5d0.php 第 157 行.
INFO: Run Behavior\ParseTemplateBehavior [ RunTime:0.016655s ]
INFO: [ view_parse ] --END-- [ RunTime:0.016726s ]
INFO: [ view_filter ] --START--
INFO: Run Behavior\WriteHtmlCacheBehavior [ RunTime:0.000788s ]
INFO: [ view_filter ] --END-- [ RunTime:0.000851s ]
INFO: [ app_end ] --START--
INFO: Run Behavior\ShowPageTraceBehavior [ RunTime:0.001097s ]
INFO: [ app_end ] --END-- [ RunTime:0.001167s ]

[ 2017-04-28T12:00:59+08:00 ] ::1 /jdzx/index.php/Index/Visa/visa/nav/4
INFO: [ app_init ] --START--
INFO: Run Behavior\BuildLiteBehavior [ RunTime:0.000096s ]
INFO: [ app_init ] --END-- [ RunTime:0.001065s ]
INFO: [ app_begin ] --START--
INFO: Run Behavior\ReadHtmlCacheBehavior [ RunTime:0.000511s ]
INFO: [ app_begin ] --END-- [ RunTime:0.000570s ]
NOTIC: [8192] mysql_connect(): The mysql extension is deprecated and will be removed in the future: use mysqli or PDO instead D:\Bitnami\redmine-3.3.3-0\apache2\htdocs\jdzx\ThinkPHP\Library\Think\Db\Driver\Mysql.class.php 第 52 行.
SQL: SHOW COLUMNS FROM `jd_fenlei` [ RunTime:0.003689s ]
SQL: SELECT * FROM `jd_fenlei` WHERE ( pid=1 ) ORDER BY id desc LIMIT 0,3   [ RunTime:0.000266s ]
INFO: [ view_parse ] --START--
INFO: [ template_filter ] --START--
INFO: Run Behavior\ContentReplaceBehavior [ RunTime:0.000047s ]
INFO: [ template_filter ] --END-- [ RunTime:0.000077s ]
NOTIC: [8] Undefined index: cateid D:\Bitnami\redmine-3.3.3-0\apache2\htdocs\jdzx\App\Runtime\Cache\Index\2dee398c23117c59bd780384ceb9213f.php 第 147 行.
INFO: Run Behavior\ParseTemplateBehavior [ RunTime:0.006535s ]
INFO: [ view_parse ] --END-- [ RunTime:0.006569s ]
INFO: [ view_filter ] --START--
INFO: Run Behavior\WriteHtmlCacheBehavior [ RunTime:0.000434s ]
INFO: [ view_filter ] --END-- [ RunTime:0.000462s ]
INFO: [ app_end ] --START--
INFO: Run Behavior\ShowPageTraceBehavior [ RunTime:0.000650s ]
INFO: [ app_end ] --END-- [ RunTime:0.000684s ]

[ 2017-04-28T12:01:01+08:00 ] ::1 /jdzx/index.php/Index/visa/visadetail/nav/4/proid/8
INFO: [ app_init ] --START--
INFO: Run Behavior\BuildLiteBehavior [ RunTime:0.000122s ]
INFO: [ app_init ] --END-- [ RunTime:0.001329s ]
INFO: [ app_begin ] --START--
INFO: Run Behavior\ReadHtmlCacheBehavior [ RunTime:0.000587s ]
INFO: [ app_begin ] --END-- [ RunTime:0.000671s ]
NOTIC: [8192] mysql_connect(): The mysql extension is deprecated and will be removed in the future: use mysqli or PDO instead D:\Bitnami\redmine-3.3.3-0\apache2\htdocs\jdzx\ThinkPHP\Library\Think\Db\Driver\Mysql.class.php 第 52 行.
SQL: SHOW COLUMNS FROM `jd_product` [ RunTime:0.008423s ]
SQL: SELECT a.* FROM jd_product a INNER JOIN jd_fenlei b on a.fenlei_id=b.id  WHERE ( b.id=8 ) ORDER BY a.sort asc  [ RunTime:0.000645s ]
INFO: [ view_parse ] --START--
INFO: [ template_filter ] --START--
INFO: Run Behavior\ContentReplaceBehavior [ RunTime:0.000118s ]
INFO: [ template_filter ] --END-- [ RunTime:0.000193s ]
INFO: Run Behavior\ParseTemplateBehavior [ RunTime:0.016801s ]
INFO: [ view_parse ] --END-- [ RunTime:0.016894s ]
INFO: [ view_filter ] --START--
INFO: Run Behavior\WriteHtmlCacheBehavior [ RunTime:0.000866s ]
INFO: [ view_filter ] --END-- [ RunTime:0.000941s ]
INFO: [ app_end ] --START--
INFO: Run Behavior\ShowPageTraceBehavior [ RunTime:0.001286s ]
INFO: [ app_end ] --END-- [ RunTime:0.001363s ]

[ 2017-04-28T12:01:07+08:00 ] ::1 /jdzx/index.php/Index/visa/visadetail/nav/4/proid/3
INFO: [ app_init ] --START--
INFO: Run Behavior\BuildLiteBehavior [ RunTime:0.000013s ]
INFO: [ app_init ] --END-- [ RunTime:0.000479s ]
INFO: [ app_begin ] --START--
INFO: Run Behavior\ReadHtmlCacheBehavior [ RunTime:0.000472s ]
INFO: [ app_begin ] --END-- [ RunTime:0.000526s ]
NOTIC: [8192] mysql_connect(): The mysql extension is deprecated and will be removed in the future: use mysqli or PDO instead D:\Bitnami\redmine-3.3.3-0\apache2\htdocs\jdzx\ThinkPHP\Library\Think\Db\Driver\Mysql.class.php 第 52 行.
SQL: SHOW COLUMNS FROM `jd_product` [ RunTime:0.003701s ]
SQL: SELECT a.* FROM jd_product a INNER JOIN jd_fenlei b on a.fenlei_id=b.id  WHERE ( b.id=3 ) ORDER BY a.sort asc  [ RunTime:0.000267s ]
INFO: [ view_parse ] --START--
INFO: [ template_filter ] --START--
INFO: Run Behavior\ContentReplaceBehavior [ RunTime:0.000050s ]
INFO: [ template_filter ] --END-- [ RunTime:0.000081s ]
INFO: Run Behavior\ParseTemplateBehavior [ RunTime:0.007087s ]
INFO: [ view_parse ] --END-- [ RunTime:0.007125s ]
INFO: [ view_filter ] --START--
INFO: Run Behavior\WriteHtmlCacheBehavior [ RunTime:0.000388s ]
INFO: [ view_filter ] --END-- [ RunTime:0.000417s ]
INFO: [ app_end ] --START--
INFO: Run Behavior\ShowPageTraceBehavior [ RunTime:0.000561s ]
INFO: [ app_end ] --END-- [ RunTime:0.000593s ]

[ 2017-04-28T12:01:19+08:00 ] ::1 /jdzx/index.php/Index/Case/cases/nav/5
INFO: [ app_init ] --START--
INFO: Run Behavior\BuildLiteBehavior [ RunTime:0.000019s ]
INFO: [ app_init ] --END-- [ RunTime:0.000402s ]
INFO: [ app_begin ] --START--
INFO: Run Behavior\ReadHtmlCacheBehavior [ RunTime:0.000525s ]
INFO: [ app_begin ] --END-- [ RunTime:0.000582s ]
NOTIC: [8192] mysql_connect(): The mysql extension is deprecated and will be removed in the future: use mysqli or PDO instead D:\Bitnami\redmine-3.3.3-0\apache2\htdocs\jdzx\ThinkPHP\Library\Think\Db\Driver\Mysql.class.php 第 52 行.
SQL: SHOW COLUMNS FROM `jd_news` [ RunTime:0.007095s ]
SQL: SHOW COLUMNS FROM `jd_cate` [ RunTime:0.006929s ]
SQL: SELECT * FROM `jd_cate` WHERE ( cate_name='案例'and pid=0 ) LIMIT 1   [ RunTime:0.000523s ]
SQL: SELECT * FROM `jd_cate` WHERE ( pid=5 ) ORDER BY sort asc  [ RunTime:0.000599s ]
SQL: SELECT * FROM `jd_news` WHERE ( cate_id=17 ) ORDER BY id desc LIMIT 0,8   [ RunTime:0.000550s ]
INFO: [ view_parse ] --START--
INFO: [ template_filter ] --START--
INFO: Run Behavior\ContentReplaceBehavior [ RunTime:0.000113s ]
INFO: [ template_filter ] --END-- [ RunTime:0.000182s ]
NOTIC: [8] Undefined index: cateid D:\Bitnami\redmine-3.3.3-0\apache2\htdocs\jdzx\App\Runtime\Cache\Index\6d6b2717e5a4c44b5b1dd173c832a5d0.php 第 134 行.
NOTIC: [8] Undefined index: cateid D:\Bitnami\redmine-3.3.3-0\apache2\htdocs\jdzx\App\Runtime\Cache\Index\6d6b2717e5a4c44b5b1dd173c832a5d0.php 第 157 行.
INFO: Run Behavior\ParseTemplateBehavior [ RunTime:0.015833s ]
INFO: [ view_parse ] --END-- [ RunTime:0.015904s ]
INFO: [ view_filter ] --START--
INFO: Run Behavior\WriteHtmlCacheBehavior [ RunTime:0.000769s ]
INFO: [ view_filter ] --END-- [ RunTime:0.000830s ]
INFO: [ app_end ] --START--
INFO: Run Behavior\ShowPageTraceBehavior [ RunTime:0.000735s ]
INFO: [ app_end ] --END-- [ RunTime:0.000781s ]

[ 2017-04-28T12:39:40+08:00 ] ::1 /jdzx/index.php/Index/case/casedetail/newsid/21
INFO: [ app_init ] --START--
INFO: Run Behavior\BuildLiteBehavior [ RunTime:0.000019s ]
INFO: [ app_init ] --END-- [ RunTime:0.000524s ]
INFO: [ app_begin ] --START--
INFO: Run Behavior\ReadHtmlCacheBehavior [ RunTime:0.000517s ]
INFO: [ app_begin ] --END-- [ RunTime:0.000559s ]
NOTIC: [8192] mysql_connect(): The mysql extension is deprecated and will be removed in the future: use mysqli or PDO instead D:\Bitnami\redmine-3.3.3-0\apache2\htdocs\jdzx\ThinkPHP\Library\Think\Db\Driver\Mysql.class.php 第 52 行.
SQL: SHOW COLUMNS FROM `jd_news` [ RunTime:0.012817s ]
SQL: SELECT * FROM `jd_news` WHERE ( id=21 ) LIMIT 1   [ RunTime:0.000968s ]
INFO: [ view_parse ] --START--
INFO: [ template_filter ] --START--
INFO: Run Behavior\ContentReplaceBehavior [ RunTime:0.000096s ]
INFO: [ template_filter ] --END-- [ RunTime:0.000175s ]
INFO: Run Behavior\ParseTemplateBehavior [ RunTime:0.015050s ]
INFO: [ view_parse ] --END-- [ RunTime:0.015153s ]
INFO: [ view_filter ] --START--
INFO: Run Behavior\WriteHtmlCacheBehavior [ RunTime:0.000779s ]
INFO: [ view_filter ] --END-- [ RunTime:0.000840s ]
INFO: [ app_end ] --START--
INFO: Run Behavior\ShowPageTraceBehavior [ RunTime:0.001026s ]
INFO: [ app_end ] --END-- [ RunTime:0.001087s ]

[ 2017-04-28T12:39:51+08:00 ] ::1 /jdzx/index.php/Index/case/casedetail/newsid/19
INFO: [ app_init ] --START--
INFO: Run Behavior\BuildLiteBehavior [ RunTime:0.000013s ]
INFO: [ app_init ] --END-- [ RunTime:0.000410s ]
INFO: [ app_begin ] --START--
INFO: Run Behavior\ReadHtmlCacheBehavior [ RunTime:0.000559s ]
INFO: [ app_begin ] --END-- [ RunTime:0.000624s ]
NOTIC: [8192] mysql_connect(): The mysql extension is deprecated and will be removed in the future: use mysqli or PDO instead D:\Bitnami\redmine-3.3.3-0\apache2\htdocs\jdzx\ThinkPHP\Library\Think\Db\Driver\Mysql.class.php 第 52 行.
SQL: SHOW COLUMNS FROM `jd_news` [ RunTime:0.014508s ]
SQL: SELECT * FROM `jd_news` WHERE ( id=19 ) LIMIT 1   [ RunTime:0.000863s ]
INFO: [ view_parse ] --START--
INFO: [ template_filter ] --START--
INFO: Run Behavior\ContentReplaceBehavior [ RunTime:0.000093s ]
INFO: [ template_filter ] --END-- [ RunTime:0.000166s ]
INFO: Run Behavior\ParseTemplateBehavior [ RunTime:0.017114s ]
INFO: [ view_parse ] --END-- [ RunTime:0.017216s ]
INFO: [ view_filter ] --START--
INFO: Run Behavior\WriteHtmlCacheBehavior [ RunTime:0.000824s ]
INFO: [ view_filter ] --END-- [ RunTime:0.000887s ]
INFO: [ app_end ] --START--
INFO: Run Behavior\ShowPageTraceBehavior [ RunTime:0.001141s ]
INFO: [ app_end ] --END-- [ RunTime:0.001209s ]

[ 2017-04-28T12:40:04+08:00 ] ::1 /jdzx/index.php/Index/case/cases/cateid/17
INFO: [ app_init ] --START--
INFO: Run Behavior\BuildLiteBehavior [ RunTime:0.000018s ]
INFO: [ app_init ] --END-- [ RunTime:0.000927s ]
INFO: [ app_begin ] --START--
INFO: Run Behavior\ReadHtmlCacheBehavior [ RunTime:0.000534s ]
INFO: [ app_begin ] --END-- [ RunTime:0.000574s ]
NOTIC: [8192] mysql_connect(): The mysql extension is deprecated and will be removed in the future: use mysqli or PDO instead D:\Bitnami\redmine-3.3.3-0\apache2\htdocs\jdzx\ThinkPHP\Library\Think\Db\Driver\Mysql.class.php 第 52 行.
SQL: SHOW COLUMNS FROM `jd_news` [ RunTime:0.007901s ]
SQL: SHOW COLUMNS FROM `jd_cate` [ RunTime:0.008081s ]
SQL: SELECT * FROM `jd_cate` WHERE ( cate_name='案例'and pid=0 ) LIMIT 1   [ RunTime:0.000419s ]
SQL: SELECT * FROM `jd_cate` WHERE ( pid=5 ) ORDER BY sort asc  [ RunTime:0.000388s ]
SQL: SELECT * FROM `jd_news` WHERE ( cate_id=17 ) ORDER BY id desc LIMIT 0,8   [ RunTime:0.000411s ]
INFO: [ view_parse ] --START--
INFO: [ template_filter ] --START--
INFO: Run Behavior\ContentReplaceBehavior [ RunTime:0.000118s ]
INFO: [ template_filter ] --END-- [ RunTime:0.000172s ]
INFO: Run Behavior\ParseTemplateBehavior [ RunTime:0.012668s ]
INFO: [ view_parse ] --END-- [ RunTime:0.012727s ]
INFO: [ view_filter ] --START--
INFO: Run Behavior\WriteHtmlCacheBehavior [ RunTime:0.000584s ]
INFO: [ view_filter ] --END-- [ RunTime:0.000632s ]
INFO: [ app_end ] --START--
INFO: Run Behavior\ShowPageTraceBehavior [ RunTime:0.000841s ]
INFO: [ app_end ] --END-- [ RunTime:0.000892s ]

[ 2017-04-28T12:40:09+08:00 ] ::1 /jdzx/index.php/Index/case/ajaxNewsInfo
INFO: [ app_init ] --START--
INFO: Run Behavior\BuildLiteBehavior [ RunTime:0.000010s ]
INFO: [ app_init ] --END-- [ RunTime:0.000388s ]
INFO: [ app_begin ] --START--
INFO: Run Behavior\ReadHtmlCacheBehavior [ RunTime:0.000393s ]
INFO: [ app_begin ] --END-- [ RunTime:0.000429s ]
NOTIC: [8192] mysql_connect(): The mysql extension is deprecated and will be removed in the future: use mysqli or PDO instead D:\Bitnami\redmine-3.3.3-0\apache2\htdocs\jdzx\ThinkPHP\Library\Think\Db\Driver\Mysql.class.php 第 52 行.
SQL: SHOW COLUMNS FROM `jd_news` [ RunTime:0.009129s ]
SQL: SHOW COLUMNS FROM `jd_cate` [ RunTime:0.008285s ]
SQL: SELECT * FROM `jd_cate` WHERE ( cate_name='案例'and pid=0 ) LIMIT 1   [ RunTime:0.000558s ]
SQL: SELECT * FROM `jd_cate` WHERE ( pid=5 ) ORDER BY sort asc  [ RunTime:0.000543s ]
SQL: SELECT * FROM `jd_news` WHERE ( cate_id=17 ) ORDER BY id desc LIMIT 8,8   [ RunTime:0.000709s ]

[ 2017-04-28T12:40:12+08:00 ] ::1 /jdzx/index.php/Index/case/ajaxNewsInfo
INFO: [ app_init ] --START--
INFO: Run Behavior\BuildLiteBehavior [ RunTime:0.000009s ]
INFO: [ app_init ] --END-- [ RunTime:0.000305s ]
INFO: [ app_begin ] --START--
INFO: Run Behavior\ReadHtmlCacheBehavior [ RunTime:0.000367s ]
INFO: [ app_begin ] --END-- [ RunTime:0.000400s ]
NOTIC: [8192] mysql_connect(): The mysql extension is deprecated and will be removed in the future: use mysqli or PDO instead D:\Bitnami\redmine-3.3.3-0\apache2\htdocs\jdzx\ThinkPHP\Library\Think\Db\Driver\Mysql.class.php 第 52 行.
SQL: SHOW COLUMNS FROM `jd_news` [ RunTime:0.010021s ]
SQL: SHOW COLUMNS FROM `jd_cate` [ RunTime:0.010268s ]
SQL: SELECT * FROM `jd_cate` WHERE ( cate_name='案例'and pid=0 ) LIMIT 1   [ RunTime:0.000704s ]
SQL: SELECT * FROM `jd_cate` WHERE ( pid=5 ) ORDER BY sort asc  [ RunTime:0.000687s ]
SQL: SELECT * FROM `jd_news` WHERE ( cate_id=17 ) ORDER BY id desc LIMIT 16,8   [ RunTime:0.000673s ]

[ 2017-04-28T12:40:14+08:00 ] ::1 /jdzx/index.php/Index/case/ajaxNewsInfo
INFO: [ app_init ] --START--
INFO: Run Behavior\BuildLiteBehavior [ RunTime:0.000009s ]
INFO: [ app_init ] --END-- [ RunTime:0.000387s ]
INFO: [ app_begin ] --START--
INFO: Run Behavior\ReadHtmlCacheBehavior [ RunTime:0.000446s ]
INFO: [ app_begin ] --END-- [ RunTime:0.000480s ]
NOTIC: [8192] mysql_connect(): The mysql extension is deprecated and will be removed in the future: use mysqli or PDO instead D:\Bitnami\redmine-3.3.3-0\apache2\htdocs\jdzx\ThinkPHP\Library\Think\Db\Driver\Mysql.class.php 第 52 行.
SQL: SHOW COLUMNS FROM `jd_news` [ RunTime:0.003245s ]
SQL: SHOW COLUMNS FROM `jd_cate` [ RunTime:0.005644s ]
SQL: SELECT * FROM `jd_cate` WHERE ( cate_name='案例'and pid=0 ) LIMIT 1   [ RunTime:0.000334s ]
SQL: SELECT * FROM `jd_cate` WHERE ( pid=5 ) ORDER BY sort asc  [ RunTime:0.000294s ]
SQL: SELECT * FROM `jd_news` WHERE ( cate_id=17 ) ORDER BY id desc LIMIT 24,8   [ RunTime:0.000490s ]

[ 2017-04-28T12:40:24+08:00 ] ::1 /jdzx/index.php/Index/Case/cases/nav/5
INFO: [ app_init ] --START--
INFO: Run Behavior\BuildLiteBehavior [ RunTime:0.000013s ]
INFO: [ app_init ] --END-- [ RunTime:0.000425s ]
INFO: [ app_begin ] --START--
INFO: Run Behavior\ReadHtmlCacheBehavior [ RunTime:0.000487s ]
INFO: [ app_begin ] --END-- [ RunTime:0.000536s ]
NOTIC: [8192] mysql_connect(): The mysql extension is deprecated and will be removed in the future: use mysqli or PDO instead D:\Bitnami\redmine-3.3.3-0\apache2\htdocs\jdzx\ThinkPHP\Library\Think\Db\Driver\Mysql.class.php 第 52 行.
SQL: SHOW COLUMNS FROM `jd_news` [ RunTime:0.005550s ]
SQL: SHOW COLUMNS FROM `jd_cate` [ RunTime:0.007768s ]
SQL: SELECT * FROM `jd_cate` WHERE ( cate_name='案例'and pid=0 ) LIMIT 1   [ RunTime:0.000395s ]
SQL: SELECT * FROM `jd_cate` WHERE ( pid=5 ) ORDER BY sort asc  [ RunTime:0.000374s ]
SQL: SELECT * FROM `jd_news` WHERE ( cate_id=17 ) ORDER BY id desc LIMIT 0,8   [ RunTime:0.000393s ]
INFO: [ view_parse ] --START--
INFO: [ template_filter ] --START--
INFO: Run Behavior\ContentReplaceBehavior [ RunTime:0.000090s ]
INFO: [ template_filter ] --END-- [ RunTime:0.000148s ]
NOTIC: [8] Undefined index: cateid D:\Bitnami\redmine-3.3.3-0\apache2\htdocs\jdzx\App\Runtime\Cache\Index\6d6b2717e5a4c44b5b1dd173c832a5d0.php 第 134 行.
NOTIC: [8] Undefined index: cateid D:\Bitnami\redmine-3.3.3-0\apache2\htdocs\jdzx\App\Runtime\Cache\Index\6d6b2717e5a4c44b5b1dd173c832a5d0.php 第 157 行.
INFO: Run Behavior\ParseTemplateBehavior [ RunTime:0.010957s ]
INFO: [ view_parse ] --END-- [ RunTime:0.011000s ]
INFO: [ view_filter ] --START--
INFO: Run Behavior\WriteHtmlCacheBehavior [ RunTime:0.000429s ]
INFO: [ view_filter ] --END-- [ RunTime:0.000458s ]
INFO: [ app_end ] --START--
INFO: Run Behavior\ShowPageTraceBehavior [ RunTime:0.000533s ]
INFO: [ app_end ] --END-- [ RunTime:0.000564s ]

[ 2017-04-28T12:40:28+08:00 ] ::1 /jdzx/index.php/Index/case/cases/cateid/17
INFO: [ app_init ] --START--
INFO: Run Behavior\BuildLiteBehavior [ RunTime:0.000020s ]
INFO: [ app_init ] --END-- [ RunTime:0.000684s ]
INFO: [ app_begin ] --START--
INFO: Run Behavior\ReadHtmlCacheBehavior [ RunTime:0.000544s ]
INFO: [ app_begin ] --END-- [ RunTime:0.000594s ]
NOTIC: [8192] mysql_connect(): The mysql extension is deprecated and will be removed in the future: use mysqli or PDO instead D:\Bitnami\redmine-3.3.3-0\apache2\htdocs\jdzx\ThinkPHP\Library\Think\Db\Driver\Mysql.class.php 第 52 行.
SQL: SHOW COLUMNS FROM `jd_news` [ RunTime:0.011003s ]
SQL: SHOW COLUMNS FROM `jd_cate` [ RunTime:0.010581s ]
SQL: SELECT * FROM `jd_cate` WHERE ( cate_name='案例'and pid=0 ) LIMIT 1   [ RunTime:0.000735s ]
SQL: SELECT * FROM `jd_cate` WHERE ( pid=5 ) ORDER BY sort asc  [ RunTime:0.001289s ]
SQL: SELECT * FROM `jd_news` WHERE ( cate_id=17 ) ORDER BY id desc LIMIT 0,8   [ RunTime:0.000737s ]
INFO: [ view_parse ] --START--
INFO: [ template_filter ] --START--
INFO: Run Behavior\ContentReplaceBehavior [ RunTime:0.000081s ]
INFO: [ template_filter ] --END-- [ RunTime:0.000127s ]
INFO: Run Behavior\ParseTemplateBehavior [ RunTime:0.011210s ]
INFO: [ view_parse ] --END-- [ RunTime:0.011263s ]
INFO: [ view_filter ] --START--
INFO: Run Behavior\WriteHtmlCacheBehavior [ RunTime:0.000444s ]
INFO: [ view_filter ] --END-- [ RunTime:0.000486s ]
INFO: [ app_end ] --START--
INFO: Run Behavior\ShowPageTraceBehavior [ RunTime:0.000694s ]
INFO: [ app_end ] --END-- [ RunTime:0.000742s ]

[ 2017-04-28T12:40:32+08:00 ] ::1 /jdzx/index.php/Index/case/cases/cateid/21
INFO: [ app_init ] --START--
INFO: Run Behavior\BuildLiteBehavior [ RunTime:0.000013s ]
INFO: [ app_init ] --END-- [ RunTime:0.000499s ]
INFO: [ app_begin ] --START--
INFO: Run Behavior\ReadHtmlCacheBehavior [ RunTime:0.000439s ]
INFO: [ app_begin ] --END-- [ RunTime:0.000480s ]
NOTIC: [8192] mysql_connect(): The mysql extension is deprecated and will be removed in the future: use mysqli or PDO instead D:\Bitnami\redmine-3.3.3-0\apache2\htdocs\jdzx\ThinkPHP\Library\Think\Db\Driver\Mysql.class.php 第 52 行.
SQL: SHOW COLUMNS FROM `jd_news` [ RunTime:0.013204s ]
SQL: SHOW COLUMNS FROM `jd_cate` [ RunTime:0.012943s ]
SQL: SELECT * FROM `jd_cate` WHERE ( cate_name='案例'and pid=0 ) LIMIT 1   [ RunTime:0.000859s ]
SQL: SELECT * FROM `jd_cate` WHERE ( pid=5 ) ORDER BY sort asc  [ RunTime:0.000868s ]
SQL: SELECT * FROM `jd_news` WHERE ( cate_id=21 ) ORDER BY id desc LIMIT 0,8   [ RunTime:0.000856s ]
INFO: [ view_parse ] --START--
INFO: [ template_filter ] --START--
INFO: Run Behavior\ContentReplaceBehavior [ RunTime:0.000117s ]
INFO: [ template_filter ] --END-- [ RunTime:0.000185s ]
INFO: Run Behavior\ParseTemplateBehavior [ RunTime:0.015510s ]
INFO: [ view_parse ] --END-- [ RunTime:0.015659s ]
INFO: [ view_filter ] --START--
INFO: Run Behavior\WriteHtmlCacheBehavior [ RunTime:0.000591s ]
INFO: [ view_filter ] --END-- [ RunTime:0.000648s ]
INFO: [ app_end ] --START--
INFO: Run Behavior\ShowPageTraceBehavior [ RunTime:0.000916s ]
INFO: [ app_end ] --END-- [ RunTime:0.000986s ]

[ 2017-04-28T12:40:35+08:00 ] ::1 /jdzx/index.php/Index/case/cases/cateid/18
INFO: [ app_init ] --START--
INFO: Run Behavior\BuildLiteBehavior [ RunTime:0.000025s ]
INFO: [ app_init ] --END-- [ RunTime:0.000560s ]
INFO: [ app_begin ] --START--
INFO: Run Behavior\ReadHtmlCacheBehavior [ RunTime:0.000470s ]
INFO: [ app_begin ] --END-- [ RunTime:0.000529s ]
NOTIC: [8192] mysql_connect(): The mysql extension is deprecated and will be removed in the future: use mysqli or PDO instead D:\Bitnami\redmine-3.3.3-0\apache2\htdocs\jdzx\ThinkPHP\Library\Think\Db\Driver\Mysql.class.php 第 52 行.
SQL: SHOW COLUMNS FROM `jd_news` [ RunTime:0.003606s ]
SQL: SHOW COLUMNS FROM `jd_cate` [ RunTime:0.003624s ]
SQL: SELECT * FROM `jd_cate` WHERE ( cate_name='案例'and pid=0 ) LIMIT 1   [ RunTime:0.000312s ]
SQL: SELECT * FROM `jd_cate` WHERE ( pid=5 ) ORDER BY sort asc  [ RunTime:0.000232s ]
SQL: SELECT * FROM `jd_news` WHERE ( cate_id=18 ) ORDER BY id desc LIMIT 0,8   [ RunTime:0.000267s ]
INFO: [ view_parse ] --START--
INFO: [ template_filter ] --START--
INFO: Run Behavior\ContentReplaceBehavior [ RunTime:0.000058s ]
INFO: [ template_filter ] --END-- [ RunTime:0.000097s ]
INFO: Run Behavior\ParseTemplateBehavior [ RunTime:0.008170s ]
INFO: [ view_parse ] --END-- [ RunTime:0.008210s ]
INFO: [ view_filter ] --START--
INFO: Run Behavior\WriteHtmlCacheBehavior [ RunTime:0.000299s ]
INFO: [ view_filter ] --END-- [ RunTime:0.000327s ]
INFO: [ app_end ] --START--
INFO: Run Behavior\ShowPageTraceBehavior [ RunTime:0.000461s ]
INFO: [ app_end ] --END-- [ RunTime:0.000492s ]

[ 2017-04-28T12:40:38+08:00 ] ::1 /jdzx/index.php/Index/case/ajaxNewsInfo
INFO: [ app_init ] --START--
INFO: Run Behavior\BuildLiteBehavior [ RunTime:0.000015s ]
INFO: [ app_init ] --END-- [ RunTime:0.000439s ]
INFO: [ app_begin ] --START--
INFO: Run Behavior\ReadHtmlCacheBehavior [ RunTime:0.000404s ]
INFO: [ app_begin ] --END-- [ RunTime:0.000445s ]
NOTIC: [8192] mysql_connect(): The mysql extension is deprecated and will be removed in the future: use mysqli or PDO instead D:\Bitnami\redmine-3.3.3-0\apache2\htdocs\jdzx\ThinkPHP\Library\Think\Db\Driver\Mysql.class.php 第 52 行.
SQL: SHOW COLUMNS FROM `jd_news` [ RunTime:0.003956s ]
SQL: SHOW COLUMNS FROM `jd_cate` [ RunTime:0.003628s ]
SQL: SELECT * FROM `jd_cate` WHERE ( cate_name='案例'and pid=0 ) LIMIT 1   [ RunTime:0.000236s ]
SQL: SELECT * FROM `jd_cate` WHERE ( pid=5 ) ORDER BY sort asc  [ RunTime:0.000235s ]
SQL: SELECT * FROM `jd_news` WHERE ( cate_id=18 ) ORDER BY id desc LIMIT 8,8   [ RunTime:0.000218s ]

[ 2017-04-28T12:40:42+08:00 ] ::1 /jdzx/index.php/Index/case/ajaxNewsInfo
INFO: [ app_init ] --START--
INFO: Run Behavior\BuildLiteBehavior [ RunTime:0.000008s ]
INFO: [ app_init ] --END-- [ RunTime:0.000320s ]
INFO: [ app_begin ] --START--
INFO: Run Behavior\ReadHtmlCacheBehavior [ RunTime:0.000370s ]
INFO: [ app_begin ] --END-- [ RunTime:0.000410s ]
NOTIC: [8192] mysql_connect(): The mysql extension is deprecated and will be removed in the future: use mysqli or PDO instead D:\Bitnami\redmine-3.3.3-0\apache2\htdocs\jdzx\ThinkPHP\Library\Think\Db\Driver\Mysql.class.php 第 52 行.
SQL: SHOW COLUMNS FROM `jd_news` [ RunTime:0.003618s ]
SQL: SHOW COLUMNS FROM `jd_cate` [ RunTime:0.003773s ]
SQL: SELECT * FROM `jd_cate` WHERE ( cate_name='案例'and pid=0 ) LIMIT 1   [ RunTime:0.000330s ]
SQL: SELECT * FROM `jd_cate` WHERE ( pid=5 ) ORDER BY sort asc  [ RunTime:0.000275s ]
SQL: SELECT * FROM `jd_news` WHERE ( cate_id=18 ) ORDER BY id desc LIMIT 16,8   [ RunTime:0.000214s ]

[ 2017-04-28T12:40:45+08:00 ] ::1 /jdzx/index.php/Index/case/cases/cateid/19
INFO: [ app_init ] --START--
INFO: Run Behavior\BuildLiteBehavior [ RunTime:0.000013s ]
INFO: [ app_init ] --END-- [ RunTime:0.000402s ]
INFO: [ app_begin ] --START--
INFO: Run Behavior\ReadHtmlCacheBehavior [ RunTime:0.000449s ]
INFO: [ app_begin ] --END-- [ RunTime:0.000495s ]
NOTIC: [8192] mysql_connect(): The mysql extension is deprecated and will be removed in the future: use mysqli or PDO instead D:\Bitnami\redmine-3.3.3-0\apache2\htdocs\jdzx\ThinkPHP\Library\Think\Db\Driver\Mysql.class.php 第 52 行.
SQL: SHOW COLUMNS FROM `jd_news` [ RunTime:0.027269s ]
SQL: SHOW COLUMNS FROM `jd_cate` [ RunTime:0.010241s ]
SQL: SELECT * FROM `jd_cate` WHERE ( cate_name='案例'and pid=0 ) LIMIT 1   [ RunTime:0.000866s ]
SQL: SELECT * FROM `jd_cate` WHERE ( pid=5 ) ORDER BY sort asc  [ RunTime:0.000626s ]
SQL: SELECT * FROM `jd_news` WHERE ( cate_id=19 ) ORDER BY id desc LIMIT 0,8   [ RunTime:0.000554s ]
INFO: [ view_parse ] --START--
INFO: [ template_filter ] --START--
INFO: Run Behavior\ContentReplaceBehavior [ RunTime:0.000140s ]
INFO: [ template_filter ] --END-- [ RunTime:0.000230s ]
INFO: Run Behavior\ParseTemplateBehavior [ RunTime:0.018385s ]
INFO: [ view_parse ] --END-- [ RunTime:0.018479s ]
INFO: [ view_filter ] --START--
INFO: Run Behavior\WriteHtmlCacheBehavior [ RunTime:0.000750s ]
INFO: [ view_filter ] --END-- [ RunTime:0.000820s ]
INFO: [ app_end ] --START--
INFO: Run Behavior\ShowPageTraceBehavior [ RunTime:0.001095s ]
INFO: [ app_end ] --END-- [ RunTime:0.001172s ]

[ 2017-04-28T12:40:52+08:00 ] ::1 /jdzx/index.php/Index/case/cases/cateid/17
INFO: [ app_init ] --START--
INFO: Run Behavior\BuildLiteBehavior [ RunTime:0.000017s ]
INFO: [ app_init ] --END-- [ RunTime:0.000448s ]
INFO: [ app_begin ] --START--
INFO: Run Behavior\ReadHtmlCacheBehavior [ RunTime:0.000469s ]
INFO: [ app_begin ] --END-- [ RunTime:0.000526s ]
NOTIC: [8192] mysql_connect(): The mysql extension is deprecated and will be removed in the future: use mysqli or PDO instead D:\Bitnami\redmine-3.3.3-0\apache2\htdocs\jdzx\ThinkPHP\Library\Think\Db\Driver\Mysql.class.php 第 52 行.
SQL: SHOW COLUMNS FROM `jd_news` [ RunTime:0.003448s ]
SQL: SHOW COLUMNS FROM `jd_cate` [ RunTime:0.003314s ]
SQL: SELECT * FROM `jd_cate` WHERE ( cate_name='案例'and pid=0 ) LIMIT 1   [ RunTime:0.000241s ]
SQL: SELECT * FROM `jd_cate` WHERE ( pid=5 ) ORDER BY sort asc  [ RunTime:0.000208s ]
SQL: SELECT * FROM `jd_news` WHERE ( cate_id=17 ) ORDER BY id desc LIMIT 0,8   [ RunTime:0.000229s ]
INFO: [ view_parse ] --START--
INFO: [ template_filter ] --START--
INFO: Run Behavior\ContentReplaceBehavior [ RunTime:0.000052s ]
INFO: [ template_filter ] --END-- [ RunTime:0.000080s ]
INFO: Run Behavior\ParseTemplateBehavior [ RunTime:0.007841s ]
INFO: [ view_parse ] --END-- [ RunTime:0.007882s ]
INFO: [ view_filter ] --START--
INFO: Run Behavior\WriteHtmlCacheBehavior [ RunTime:0.000350s ]
INFO: [ view_filter ] --END-- [ RunTime:0.000378s ]
INFO: [ app_end ] --START--
INFO: Run Behavior\ShowPageTraceBehavior [ RunTime:0.000510s ]
INFO: [ app_end ] --END-- [ RunTime:0.000541s ]

[ 2017-04-28T12:40:54+08:00 ] ::1 /jdzx/index.php/Index/case/casedetail/newsid/21
INFO: [ app_init ] --START--
INFO: Run Behavior\BuildLiteBehavior [ RunTime:0.000009s ]
INFO: [ app_init ] --END-- [ RunTime:0.000339s ]
INFO: [ app_begin ] --START--
INFO: Run Behavior\ReadHtmlCacheBehavior [ RunTime:0.000443s ]
INFO: [ app_begin ] --END-- [ RunTime:0.000477s ]
NOTIC: [8192] mysql_connect(): The mysql extension is deprecated and will be removed in the future: use mysqli or PDO instead D:\Bitnami\redmine-3.3.3-0\apache2\htdocs\jdzx\ThinkPHP\Library\Think\Db\Driver\Mysql.class.php 第 52 行.
SQL: SHOW COLUMNS FROM `jd_news` [ RunTime:0.013589s ]
SQL: SELECT * FROM `jd_news` WHERE ( id=21 ) LIMIT 1   [ RunTime:0.000911s ]
INFO: [ view_parse ] --START--
INFO: [ template_filter ] --START--
INFO: Run Behavior\ContentReplaceBehavior [ RunTime:0.000080s ]
INFO: [ template_filter ] --END-- [ RunTime:0.000145s ]
INFO: Run Behavior\ParseTemplateBehavior [ RunTime:0.019119s ]
INFO: [ view_parse ] --END-- [ RunTime:0.019219s ]
INFO: [ view_filter ] --START--
INFO: Run Behavior\WriteHtmlCacheBehavior [ RunTime:0.000519s ]
INFO: [ view_filter ] --END-- [ RunTime:0.000571s ]
INFO: [ app_end ] --START--
INFO: Run Behavior\ShowPageTraceBehavior [ RunTime:0.000779s ]
INFO: [ app_end ] --END-- [ RunTime:0.000831s ]

[ 2017-04-28T12:41:00+08:00 ] ::1 /jdzx/index.php/Index/Index/index
INFO: [ app_init ] --START--
INFO: Run Behavior\BuildLiteBehavior [ RunTime:0.000022s ]
INFO: [ app_init ] --END-- [ RunTime:0.000492s ]
INFO: [ app_begin ] --START--
INFO: Run Behavior\ReadHtmlCacheBehavior [ RunTime:0.000423s ]
INFO: [ app_begin ] --END-- [ RunTime:0.000467s ]
NOTIC: [8192] mysql_connect(): The mysql extension is deprecated and will be removed in the future: use mysqli or PDO instead D:\Bitnami\redmine-3.3.3-0\apache2\htdocs\jdzx\ThinkPHP\Library\Think\Db\Driver\Mysql.class.php 第 52 行.
SQL: SHOW COLUMNS FROM `jd_adv` [ RunTime:0.013750s ]
SQL: SELECT * FROM `jd_adv`  [ RunTime:0.000998s ]
SQL: SHOW COLUMNS FROM `jd_news` [ RunTime:0.012476s ]
SQL: SELECT * FROM `jd_news` ORDER BY id desc LIMIT 5   [ RunTime:0.000901s ]
INFO: [ view_parse ] --START--
INFO: [ template_filter ] --START--
INFO: Run Behavior\ContentReplaceBehavior [ RunTime:0.000236s ]
INFO: [ template_filter ] --END-- [ RunTime:0.000363s ]
INFO: Run Behavior\ParseTemplateBehavior [ RunTime:0.044010s ]
INFO: [ view_parse ] --END-- [ RunTime:0.044154s ]
INFO: [ view_filter ] --START--
INFO: Run Behavior\WriteHtmlCacheBehavior [ RunTime:0.001132s ]
INFO: [ view_filter ] --END-- [ RunTime:0.001247s ]
INFO: [ app_end ] --START--
INFO: Run Behavior\ShowPageTraceBehavior [ RunTime:0.001702s ]
INFO: [ app_end ] --END-- [ RunTime:0.001835s ]

[ 2017-04-28T12:41:11+08:00 ] ::1 /jdzx/index.php/Index/case/caseDetail/newsid/21
INFO: [ app_init ] --START--
INFO: Run Behavior\BuildLiteBehavior [ RunTime:0.000014s ]
INFO: [ app_init ] --END-- [ RunTime:0.000441s ]
INFO: [ app_begin ] --START--
INFO: Run Behavior\ReadHtmlCacheBehavior [ RunTime:0.000493s ]
INFO: [ app_begin ] --END-- [ RunTime:0.000534s ]
NOTIC: [8192] mysql_connect(): The mysql extension is deprecated and will be removed in the future: use mysqli or PDO instead D:\Bitnami\redmine-3.3.3-0\apache2\htdocs\jdzx\ThinkPHP\Library\Think\Db\Driver\Mysql.class.php 第 52 行.
SQL: SHOW COLUMNS FROM `jd_news` [ RunTime:0.013026s ]
SQL: SELECT * FROM `jd_news` WHERE ( id=21 ) LIMIT 1   [ RunTime:0.000880s ]
INFO: [ view_parse ] --START--
INFO: [ template_filter ] --START--
INFO: Run Behavior\ContentReplaceBehavior [ RunTime:0.000085s ]
INFO: [ template_filter ] --END-- [ RunTime:0.000154s ]
INFO: Run Behavior\ParseTemplateBehavior [ RunTime:0.018933s ]
INFO: [ view_parse ] --END-- [ RunTime:0.019034s ]
INFO: [ view_filter ] --START--
INFO: Run Behavior\WriteHtmlCacheBehavior [ RunTime:0.000648s ]
INFO: [ view_filter ] --END-- [ RunTime:0.000702s ]
INFO: [ app_end ] --START--
INFO: Run Behavior\ShowPageTraceBehavior [ RunTime:0.000732s ]
INFO: [ app_end ] --END-- [ RunTime:0.000786s ]

[ 2017-04-28T12:41:14+08:00 ] ::1 /jdzx/index.php/Index/case/caseDetail/newsid/19
INFO: [ app_init ] --START--
INFO: Run Behavior\BuildLiteBehavior [ RunTime:0.000018s ]
INFO: [ app_init ] --END-- [ RunTime:0.000537s ]
INFO: [ app_begin ] --START--
INFO: Run Behavior\ReadHtmlCacheBehavior [ RunTime:0.000981s ]
INFO: [ app_begin ] --END-- [ RunTime:0.001147s ]
NOTIC: [8192] mysql_connect(): The mysql extension is deprecated and will be removed in the future: use mysqli or PDO instead D:\Bitnami\redmine-3.3.3-0\apache2\htdocs\jdzx\ThinkPHP\Library\Think\Db\Driver\Mysql.class.php 第 52 行.
SQL: SHOW COLUMNS FROM `jd_news` [ RunTime:0.013324s ]
SQL: SELECT * FROM `jd_news` WHERE ( id=19 ) LIMIT 1   [ RunTime:0.000981s ]
INFO: [ view_parse ] --START--
INFO: [ template_filter ] --START--
INFO: Run Behavior\ContentReplaceBehavior [ RunTime:0.000093s ]
INFO: [ template_filter ] --END-- [ RunTime:0.000166s ]
INFO: Run Behavior\ParseTemplateBehavior [ RunTime:0.020306s ]
INFO: [ view_parse ] --END-- [ RunTime:0.020409s ]
INFO: [ view_filter ] --START--
INFO: Run Behavior\WriteHtmlCacheBehavior [ RunTime:0.000771s ]
INFO: [ view_filter ] --END-- [ RunTime:0.000835s ]
INFO: [ app_end ] --START--
INFO: Run Behavior\ShowPageTraceBehavior [ RunTime:0.000897s ]
INFO: [ app_end ] --END-- [ RunTime:0.000960s ]

[ 2017-04-28T12:48:22+08:00 ] ::1 /jdzx/index.php/Index/Index/index
INFO: [ app_init ] --START--
INFO: Run Behavior\BuildLiteBehavior [ RunTime:0.000010s ]
INFO: [ app_init ] --END-- [ RunTime:0.000431s ]
INFO: [ app_begin ] --START--
INFO: Run Behavior\ReadHtmlCacheBehavior [ RunTime:0.000864s ]
INFO: [ app_begin ] --END-- [ RunTime:0.000915s ]
NOTIC: [8192] mysql_connect(): The mysql extension is deprecated and will be removed in the future: use mysqli or PDO instead D:\Bitnami\redmine-3.3.3-0\apache2\htdocs\jdzx\ThinkPHP\Library\Think\Db\Driver\Mysql.class.php 第 52 行.
SQL: SHOW COLUMNS FROM `jd_adv` [ RunTime:0.008477s ]
SQL: SELECT * FROM `jd_adv`  [ RunTime:0.000510s ]
SQL: SHOW COLUMNS FROM `jd_news` [ RunTime:0.009111s ]
SQL: SELECT * FROM `jd_news` ORDER BY id desc LIMIT 5   [ RunTime:0.000581s ]
INFO: [ view_parse ] --START--
INFO: [ template_filter ] --START--
INFO: Run Behavior\ContentReplaceBehavior [ RunTime:0.000148s ]
INFO: [ template_filter ] --END-- [ RunTime:0.000230s ]
INFO: Run Behavior\ParseTemplateBehavior [ RunTime:0.021934s ]
INFO: [ view_parse ] --END-- [ RunTime:0.022023s ]
INFO: [ view_filter ] --START--
INFO: Run Behavior\WriteHtmlCacheBehavior [ RunTime:0.001618s ]
INFO: [ view_filter ] --END-- [ RunTime:0.001692s ]
INFO: [ app_end ] --START--
INFO: Run Behavior\ShowPageTraceBehavior [ RunTime:0.002190s ]
INFO: [ app_end ] --END-- [ RunTime:0.002326s ]

[ 2017-04-28T12:48:27+08:00 ] ::1 /jdzx/index.php/Index/case/caseDetail/newsid/22
INFO: [ app_init ] --START--
INFO: Run Behavior\BuildLiteBehavior [ RunTime:0.000013s ]
INFO: [ app_init ] --END-- [ RunTime:0.000554s ]
INFO: [ app_begin ] --START--
INFO: Run Behavior\ReadHtmlCacheBehavior [ RunTime:0.000605s ]
INFO: [ app_begin ] --END-- [ RunTime:0.000665s ]
NOTIC: [8192] mysql_connect(): The mysql extension is deprecated and will be removed in the future: use mysqli or PDO instead D:\Bitnami\redmine-3.3.3-0\apache2\htdocs\jdzx\ThinkPHP\Library\Think\Db\Driver\Mysql.class.php 第 52 行.
SQL: SHOW COLUMNS FROM `jd_news` [ RunTime:0.013775s ]
SQL: SELECT * FROM `jd_news` WHERE ( id=22 ) LIMIT 1   [ RunTime:0.000929s ]
INFO: [ view_parse ] --START--
INFO: [ template_filter ] --START--
INFO: Run Behavior\ContentReplaceBehavior [ RunTime:0.000095s ]
INFO: [ template_filter ] --END-- [ RunTime:0.000170s ]
INFO: Run Behavior\ParseTemplateBehavior [ RunTime:0.020429s ]
INFO: [ view_parse ] --END-- [ RunTime:0.020533s ]
INFO: [ view_filter ] --START--
INFO: Run Behavior\WriteHtmlCacheBehavior [ RunTime:0.000784s ]
INFO: [ view_filter ] --END-- [ RunTime:0.000845s ]
INFO: [ app_end ] --START--
INFO: Run Behavior\ShowPageTraceBehavior [ RunTime:0.001074s ]
INFO: [ app_end ] --END-- [ RunTime:0.001136s ]

[ 2017-04-28T12:48:47+08:00 ] ::1 /jdzx/index.php/Index/Index/index
INFO: [ app_init ] --START--
INFO: Run Behavior\BuildLiteBehavior [ RunTime:0.000021s ]
INFO: [ app_init ] --END-- [ RunTime:0.001016s ]
INFO: [ app_begin ] --START--
INFO: Run Behavior\ReadHtmlCacheBehavior [ RunTime:0.000871s ]
INFO: [ app_begin ] --END-- [ RunTime:0.000953s ]
NOTIC: [8192] mysql_connect(): The mysql extension is deprecated and will be removed in the future: use mysqli or PDO instead D:\Bitnami\redmine-3.3.3-0\apache2\htdocs\jdzx\ThinkPHP\Library\Think\Db\Driver\Mysql.class.php 第 52 行.
SQL: SHOW COLUMNS FROM `jd_adv` [ RunTime:0.012949s ]
SQL: SELECT * FROM `jd_adv`  [ RunTime:0.000819s ]
SQL: SHOW COLUMNS FROM `jd_news` [ RunTime:0.012724s ]
SQL: SELECT * FROM `jd_news` ORDER BY id desc LIMIT 5   [ RunTime:0.000769s ]
INFO: [ view_parse ] --START--
INFO: [ template_filter ] --START--
INFO: Run Behavior\ContentReplaceBehavior [ RunTime:0.000113s ]
INFO: [ template_filter ] --END-- [ RunTime:0.000178s ]
INFO: Run Behavior\ParseTemplateBehavior [ RunTime:0.014709s ]
INFO: [ view_parse ] --END-- [ RunTime:0.014779s ]
INFO: [ view_filter ] --START--
INFO: Run Behavior\WriteHtmlCacheBehavior [ RunTime:0.000695s ]
INFO: [ view_filter ] --END-- [ RunTime:0.000749s ]
INFO: [ app_end ] --START--
INFO: Run Behavior\ShowPageTraceBehavior [ RunTime:0.000971s ]
INFO: [ app_end ] --END-- [ RunTime:0.001034s ]

[ 2017-04-28T12:48:51+08:00 ] ::1 /jdzx/index.php/Index/case/caseDetail/newsid/19
INFO: [ app_init ] --START--
INFO: Run Behavior\BuildLiteBehavior [ RunTime:0.000029s ]
INFO: [ app_init ] --END-- [ RunTime:0.000538s ]
INFO: [ app_begin ] --START--
INFO: Run Behavior\ReadHtmlCacheBehavior [ RunTime:0.000772s ]
INFO: [ app_begin ] --END-- [ RunTime:0.000826s ]
NOTIC: [8192] mysql_connect(): The mysql extension is deprecated and will be removed in the future: use mysqli or PDO instead D:\Bitnami\redmine-3.3.3-0\apache2\htdocs\jdzx\ThinkPHP\Library\Think\Db\Driver\Mysql.class.php 第 52 行.
SQL: SHOW COLUMNS FROM `jd_news` [ RunTime:0.011889s ]
SQL: SELECT * FROM `jd_news` WHERE ( id=19 ) LIMIT 1   [ RunTime:0.000850s ]
INFO: [ view_parse ] --START--
INFO: [ template_filter ] --START--
INFO: Run Behavior\ContentReplaceBehavior [ RunTime:0.000109s ]
INFO: [ template_filter ] --END-- [ RunTime:0.000192s ]
INFO: Run Behavior\ParseTemplateBehavior [ RunTime:0.016523s ]
INFO: [ view_parse ] --END-- [ RunTime:0.016632s ]
INFO: [ view_filter ] --START--
INFO: Run Behavior\WriteHtmlCacheBehavior [ RunTime:0.000828s ]
INFO: [ view_filter ] --END-- [ RunTime:0.000899s ]
INFO: [ app_end ] --START--
INFO: Run Behavior\ShowPageTraceBehavior [ RunTime:0.001193s ]
INFO: [ app_end ] --END-- [ RunTime:0.001266s ]

[ 2017-04-28T12:49:00+08:00 ] ::1 /jdzx/index.php/Index/Contact/contact
INFO: [ app_init ] --START--
INFO: Run Behavior\BuildLiteBehavior [ RunTime:0.000012s ]
INFO: [ app_init ] --END-- [ RunTime:0.000359s ]
INFO: [ app_begin ] --START--
INFO: Run Behavior\ReadHtmlCacheBehavior [ RunTime:0.000453s ]
INFO: [ app_begin ] --END-- [ RunTime:0.000492s ]
INFO: [ view_parse ] --START--
INFO: [ template_filter ] --START--
INFO: Run Behavior\ContentReplaceBehavior [ RunTime:0.000115s ]
INFO: [ template_filter ] --END-- [ RunTime:0.000192s ]
INFO: Run Behavior\ParseTemplateBehavior [ RunTime:0.015679s ]
INFO: [ view_parse ] --END-- [ RunTime:0.015718s ]
INFO: [ view_filter ] --START--
INFO: Run Behavior\WriteHtmlCacheBehavior [ RunTime:0.000348s ]
INFO: [ view_filter ] --END-- [ RunTime:0.000377s ]
INFO: [ app_end ] --START--
INFO: Run Behavior\ShowPageTraceBehavior [ RunTime:0.000479s ]
INFO: [ app_end ] --END-- [ RunTime:0.000508s ]

[ 2017-04-28T12:49:07+08:00 ] ::1 /jdzx/index.php/Index/Contact/contact
INFO: [ app_init ] --START--
INFO: Run Behavior\BuildLiteBehavior [ RunTime:0.000015s ]
INFO: [ app_init ] --END-- [ RunTime:0.000636s ]
INFO: [ app_begin ] --START--
INFO: Run Behavior\ReadHtmlCacheBehavior [ RunTime:0.001183s ]
INFO: [ app_begin ] --END-- [ RunTime:0.001396s ]
INFO: [ view_parse ] --START--
INFO: [ template_filter ] --START--
INFO: Run Behavior\ContentReplaceBehavior [ RunTime:0.000048s ]
INFO: [ template_filter ] --END-- [ RunTime:0.000088s ]
INFO: Run Behavior\ParseTemplateBehavior [ RunTime:0.008250s ]
INFO: [ view_parse ] --END-- [ RunTime:0.008356s ]
INFO: [ view_filter ] --START--
INFO: Run Behavior\WriteHtmlCacheBehavior [ RunTime:0.001232s ]
INFO: [ view_filter ] --END-- [ RunTime:0.001279s ]
INFO: [ app_end ] --START--
INFO: Run Behavior\ShowPageTraceBehavior [ RunTime:0.001324s ]
INFO: [ app_end ] --END-- [ RunTime:0.001398s ]

[ 2017-04-28T12:49:13+08:00 ] ::1 /jdzx/index.php/Index/Visa/visa
INFO: [ app_init ] --START--
INFO: Run Behavior\BuildLiteBehavior [ RunTime:0.000020s ]
INFO: [ app_init ] --END-- [ RunTime:0.000522s ]
INFO: [ app_begin ] --START--
INFO: Run Behavior\ReadHtmlCacheBehavior [ RunTime:0.000682s ]
INFO: [ app_begin ] --END-- [ RunTime:0.000761s ]
NOTIC: [8192] mysql_connect(): The mysql extension is deprecated and will be removed in the future: use mysqli or PDO instead D:\Bitnami\redmine-3.3.3-0\apache2\htdocs\jdzx\ThinkPHP\Library\Think\Db\Driver\Mysql.class.php 第 52 行.
SQL: SHOW COLUMNS FROM `jd_fenlei` [ RunTime:0.003832s ]
SQL: SELECT * FROM `jd_fenlei` WHERE ( pid=1 ) ORDER BY id desc LIMIT 0,3   [ RunTime:0.000292s ]
INFO: [ view_parse ] --START--
INFO: [ template_filter ] --START--
INFO: Run Behavior\ContentReplaceBehavior [ RunTime:0.000060s ]
INFO: [ template_filter ] --END-- [ RunTime:0.000139s ]
NOTIC: [8] Undefined index: cateid D:\Bitnami\redmine-3.3.3-0\apache2\htdocs\jdzx\App\Runtime\Cache\Index\2dee398c23117c59bd780384ceb9213f.php 第 147 行.
INFO: Run Behavior\ParseTemplateBehavior [ RunTime:0.012666s ]
INFO: [ view_parse ] --END-- [ RunTime:0.012712s ]
INFO: [ view_filter ] --START--
INFO: Run Behavior\WriteHtmlCacheBehavior [ RunTime:0.000411s ]
INFO: [ view_filter ] --END-- [ RunTime:0.000442s ]
INFO: [ app_end ] --START--
INFO: Run Behavior\ShowPageTraceBehavior [ RunTime:0.000517s ]
INFO: [ app_end ] --END-- [ RunTime:0.000552s ]

[ 2017-04-28T12:49:20+08:00 ] ::1 /jdzx/index.php/Index/Visa/visa
INFO: [ app_init ] --START--
INFO: Run Behavior\BuildLiteBehavior [ RunTime:0.000014s ]
INFO: [ app_init ] --END-- [ RunTime:0.000363s ]
INFO: [ app_begin ] --START--
INFO: Run Behavior\ReadHtmlCacheBehavior [ RunTime:0.000676s ]
INFO: [ app_begin ] --END-- [ RunTime:0.000766s ]
NOTIC: [8192] mysql_connect(): The mysql extension is deprecated and will be removed in the future: use mysqli or PDO instead D:\Bitnami\redmine-3.3.3-0\apache2\htdocs\jdzx\ThinkPHP\Library\Think\Db\Driver\Mysql.class.php 第 52 行.
SQL: SHOW COLUMNS FROM `jd_fenlei` [ RunTime:0.012817s ]
SQL: SELECT * FROM `jd_fenlei` WHERE ( pid=1 ) ORDER BY id desc LIMIT 0,3   [ RunTime:0.000476s ]
INFO: [ view_parse ] --START--
INFO: [ template_filter ] --START--
INFO: Run Behavior\ContentReplaceBehavior [ RunTime:0.000087s ]
INFO: [ template_filter ] --END-- [ RunTime:0.000143s ]
NOTIC: [8] Undefined index: cateid D:\Bitnami\redmine-3.3.3-0\apache2\htdocs\jdzx\App\Runtime\Cache\Index\2dee398c23117c59bd780384ceb9213f.php 第 147 行.
INFO: Run Behavior\ParseTemplateBehavior [ RunTime:0.011697s ]
INFO: [ view_parse ] --END-- [ RunTime:0.011758s ]
INFO: [ view_filter ] --START--
INFO: Run Behavior\WriteHtmlCacheBehavior [ RunTime:0.000603s ]
INFO: [ view_filter ] --END-- [ RunTime:0.000654s ]
INFO: [ app_end ] --START--
INFO: Run Behavior\ShowPageTraceBehavior [ RunTime:0.001249s ]
INFO: [ app_end ] --END-- [ RunTime:0.001344s ]

[ 2017-04-28T12:49:29+08:00 ] ::1 /jdzx/index.php/Index/Contact/contact
INFO: [ app_init ] --START--
INFO: Run Behavior\BuildLiteBehavior [ RunTime:0.000018s ]
INFO: [ app_init ] --END-- [ RunTime:0.000554s ]
INFO: [ app_begin ] --START--
INFO: Run Behavior\ReadHtmlCacheBehavior [ RunTime:0.000684s ]
INFO: [ app_begin ] --END-- [ RunTime:0.000743s ]
INFO: [ view_parse ] --START--
INFO: [ template_filter ] --START--
INFO: Run Behavior\ContentReplaceBehavior [ RunTime:0.000073s ]
INFO: [ template_filter ] --END-- [ RunTime:0.000122s ]
INFO: Run Behavior\ParseTemplateBehavior [ RunTime:0.009469s ]
INFO: [ view_parse ] --END-- [ RunTime:0.009527s ]
INFO: [ view_filter ] --START--
INFO: Run Behavior\WriteHtmlCacheBehavior [ RunTime:0.000569s ]
INFO: [ view_filter ] --END-- [ RunTime:0.000614s ]
INFO: [ app_end ] --START--
INFO: Run Behavior\ShowPageTraceBehavior [ RunTime:0.000806s ]
INFO: [ app_end ] --END-- [ RunTime:0.000854s ]

[ 2017-04-28T12:49:36+08:00 ] ::1 /jdzx/index.php/Index/Visa/visa
INFO: [ app_init ] --START--
INFO: Run Behavior\BuildLiteBehavior [ RunTime:0.000020s ]
INFO: [ app_init ] --END-- [ RunTime:0.000470s ]
INFO: [ app_begin ] --START--
INFO: Run Behavior\ReadHtmlCacheBehavior [ RunTime:0.000651s ]
INFO: [ app_begin ] --END-- [ RunTime:0.000752s ]
NOTIC: [8192] mysql_connect(): The mysql extension is deprecated and will be removed in the future: use mysqli or PDO instead D:\Bitnami\redmine-3.3.3-0\apache2\htdocs\jdzx\ThinkPHP\Library\Think\Db\Driver\Mysql.class.php 第 52 行.
SQL: SHOW COLUMNS FROM `jd_fenlei` [ RunTime:0.005717s ]
SQL: SELECT * FROM `jd_fenlei` WHERE ( pid=1 ) ORDER BY id desc LIMIT 0,3   [ RunTime:0.000367s ]
INFO: [ view_parse ] --START--
INFO: [ template_filter ] --START--
INFO: Run Behavior\ContentReplaceBehavior [ RunTime:0.000051s ]
INFO: [ template_filter ] --END-- [ RunTime:0.000087s ]
NOTIC: [8] Undefined index: cateid D:\Bitnami\redmine-3.3.3-0\apache2\htdocs\jdzx\App\Runtime\Cache\Index\2dee398c23117c59bd780384ceb9213f.php 第 147 行.
INFO: Run Behavior\ParseTemplateBehavior [ RunTime:0.009886s ]
INFO: [ view_parse ] --END-- [ RunTime:0.010000s ]
INFO: [ view_filter ] --START--
INFO: Run Behavior\WriteHtmlCacheBehavior [ RunTime:0.000347s ]
INFO: [ view_filter ] --END-- [ RunTime:0.000387s ]
INFO: [ app_end ] --START--
INFO: Run Behavior\ShowPageTraceBehavior [ RunTime:0.000498s ]
INFO: [ app_end ] --END-- [ RunTime:0.000533s ]

[ 2017-04-28T12:49:40+08:00 ] ::1 /jdzx/index.php/Index/Contact/contact
INFO: [ app_init ] --START--
INFO: Run Behavior\BuildLiteBehavior [ RunTime:0.000041s ]
INFO: [ app_init ] --END-- [ RunTime:0.000459s ]
INFO: [ app_begin ] --START--
INFO: Run Behavior\ReadHtmlCacheBehavior [ RunTime:0.000477s ]
INFO: [ app_begin ] --END-- [ RunTime:0.000529s ]
INFO: [ view_parse ] --START--
INFO: [ template_filter ] --START--
INFO: Run Behavior\ContentReplaceBehavior [ RunTime:0.000060s ]
INFO: [ template_filter ] --END-- [ RunTime:0.000142s ]
INFO: Run Behavior\ParseTemplateBehavior [ RunTime:0.006765s ]
INFO: [ view_parse ] --END-- [ RunTime:0.006813s ]
INFO: [ view_filter ] --START--
INFO: Run Behavior\WriteHtmlCacheBehavior [ RunTime:0.000394s ]
INFO: [ view_filter ] --END-- [ RunTime:0.000423s ]
INFO: [ app_end ] --START--
INFO: Run Behavior\ShowPageTraceBehavior [ RunTime:0.000500s ]
INFO: [ app_end ] --END-- [ RunTime:0.000528s ]

[ 2017-04-28T12:52:36+08:00 ] ::1 /jdzx/index.php/Index/About/about/nav/2
INFO: [ app_init ] --START--
INFO: Run Behavior\BuildLiteBehavior [ RunTime:0.000013s ]
INFO: [ app_init ] --END-- [ RunTime:0.000390s ]
INFO: [ app_begin ] --START--
INFO: Run Behavior\ReadHtmlCacheBehavior [ RunTime:0.001521s ]
INFO: [ app_begin ] --END-- [ RunTime:0.001580s ]
INFO: [ view_parse ] --START--
INFO: [ template_filter ] --START--
INFO: Run Behavior\ContentReplaceBehavior [ RunTime:0.000054s ]
INFO: [ template_filter ] --END-- [ RunTime:0.000093s ]
INFO: Run Behavior\ParseTemplateBehavior [ RunTime:0.012919s ]
INFO: [ view_parse ] --END-- [ RunTime:0.012961s ]
INFO: [ view_filter ] --START--
INFO: Run Behavior\WriteHtmlCacheBehavior [ RunTime:0.000415s ]
INFO: [ view_filter ] --END-- [ RunTime:0.000443s ]
INFO: [ app_end ] --START--
INFO: Run Behavior\ShowPageTraceBehavior [ RunTime:0.000661s ]
INFO: [ app_end ] --END-- [ RunTime:0.000694s ]

[ 2017-04-28T13:05:41+08:00 ] ::1 /jdzx/index.php/Index/Case/cases/nav/5
INFO: [ app_init ] --START--
INFO: Run Behavior\BuildLiteBehavior [ RunTime:0.000018s ]
INFO: [ app_init ] --END-- [ RunTime:0.000454s ]
INFO: [ app_begin ] --START--
INFO: Run Behavior\ReadHtmlCacheBehavior [ RunTime:0.000687s ]
INFO: [ app_begin ] --END-- [ RunTime:0.000755s ]
NOTIC: [8192] mysql_connect(): The mysql extension is deprecated and will be removed in the future: use mysqli or PDO instead D:\Bitnami\redmine-3.3.3-0\apache2\htdocs\jdzx\ThinkPHP\Library\Think\Db\Driver\Mysql.class.php 第 52 行.
SQL: SHOW COLUMNS FROM `jd_news` [ RunTime:0.004971s ]
SQL: SHOW COLUMNS FROM `jd_cate` [ RunTime:0.003411s ]
SQL: SELECT * FROM `jd_cate` WHERE ( cate_name='案例'and pid=0 ) LIMIT 1   [ RunTime:0.000280s ]
SQL: SELECT * FROM `jd_cate` WHERE ( pid=5 ) ORDER BY sort asc  [ RunTime:0.000232s ]
SQL: SELECT * FROM `jd_news` WHERE ( cate_id=17 ) ORDER BY id desc LIMIT 0,8   [ RunTime:0.000248s ]
INFO: [ view_parse ] --START--
INFO: [ template_filter ] --START--
INFO: Run Behavior\ContentReplaceBehavior [ RunTime:0.000073s ]
INFO: [ template_filter ] --END-- [ RunTime:0.000125s ]
NOTIC: [8] Undefined index: cateid D:\Bitnami\redmine-3.3.3-0\apache2\htdocs\jdzx\App\Runtime\Cache\Index\6d6b2717e5a4c44b5b1dd173c832a5d0.php 第 134 行.
NOTIC: [8] Undefined index: cateid D:\Bitnami\redmine-3.3.3-0\apache2\htdocs\jdzx\App\Runtime\Cache\Index\6d6b2717e5a4c44b5b1dd173c832a5d0.php 第 157 行.
INFO: Run Behavior\ParseTemplateBehavior [ RunTime:0.008336s ]
INFO: [ view_parse ] --END-- [ RunTime:0.008373s ]
INFO: [ view_filter ] --START--
INFO: Run Behavior\WriteHtmlCacheBehavior [ RunTime:0.000374s ]
INFO: [ view_filter ] --END-- [ RunTime:0.000403s ]
INFO: [ app_end ] --START--
INFO: Run Behavior\ShowPageTraceBehavior [ RunTime:0.000515s ]
INFO: [ app_end ] --END-- [ RunTime:0.000546s ]

[ 2017-04-28T13:05:43+08:00 ] ::1 /jdzx/index.php/Index/case/casedetail/newsid/22
INFO: [ app_init ] --START--
INFO: Run Behavior\BuildLiteBehavior [ RunTime:0.000012s ]
INFO: [ app_init ] --END-- [ RunTime:0.000352s ]
INFO: [ app_begin ] --START--
INFO: Run Behavior\ReadHtmlCacheBehavior [ RunTime:0.000559s ]
INFO: [ app_begin ] --END-- [ RunTime:0.000628s ]
NOTIC: [8192] mysql_connect(): The mysql extension is deprecated and will be removed in the future: use mysqli or PDO instead D:\Bitnami\redmine-3.3.3-0\apache2\htdocs\jdzx\ThinkPHP\Library\Think\Db\Driver\Mysql.class.php 第 52 行.
SQL: SHOW COLUMNS FROM `jd_news` [ RunTime:0.004195s ]
SQL: SELECT * FROM `jd_news` WHERE ( id=22 ) LIMIT 1   [ RunTime:0.000290s ]
INFO: [ view_parse ] --START--
INFO: [ template_filter ] --START--
INFO: Run Behavior\ContentReplaceBehavior [ RunTime:0.000048s ]
INFO: [ template_filter ] --END-- [ RunTime:0.000092s ]
INFO: Run Behavior\ParseTemplateBehavior [ RunTime:0.006844s ]
INFO: [ view_parse ] --END-- [ RunTime:0.006904s ]
INFO: [ view_filter ] --START--
INFO: Run Behavior\WriteHtmlCacheBehavior [ RunTime:0.000369s ]
INFO: [ view_filter ] --END-- [ RunTime:0.000400s ]
INFO: [ app_end ] --START--
INFO: Run Behavior\ShowPageTraceBehavior [ RunTime:0.000467s ]
INFO: [ app_end ] --END-- [ RunTime:0.000496s ]

